[0.171s] Invoking command in '/media/iruma/Data/AIR/roså­¦ä¹ è®°å½•_git/ROS-notes/rosæºä»£ç /TPC/build/Iruma': CMAKE_PREFIX_PATH=${CMAKE_PREFIX_PATH}:/media/iruma/Data/AIR/roså­¦ä¹ è®°å½•_git/ROS-notes/rosæºä»£ç /TPC/install/GUTS:/opt/ros/humble /usr/bin/cmake --build /media/iruma/Data/AIR/roså­¦ä¹ è®°å½•_git/ROS-notes/rosæºä»£ç /TPC/build/Iruma -- -j16 -l16
[0.210s] [35m[1mConsolidate compiler generated dependencies of target Iruma[0m
[0.249s] [100%] Built target Iruma
[0.255s] Invoked command in '/media/iruma/Data/AIR/roså­¦ä¹ è®°å½•_git/ROS-notes/rosæºä»£ç /TPC/build/Iruma' returned '0': CMAKE_PREFIX_PATH=${CMAKE_PREFIX_PATH}:/media/iruma/Data/AIR/roså­¦ä¹ è®°å½•_git/ROS-notes/rosæºä»£ç /TPC/install/GUTS:/opt/ros/humble /usr/bin/cmake --build /media/iruma/Data/AIR/roså­¦ä¹ è®°å½•_git/ROS-notes/rosæºä»£ç /TPC/build/Iruma -- -j16 -l16
[0.275s] Invoking command in '/media/iruma/Data/AIR/roså­¦ä¹ è®°å½•_git/ROS-notes/rosæºä»£ç /TPC/build/Iruma': CMAKE_PREFIX_PATH=${CMAKE_PREFIX_PATH}:/media/iruma/Data/AIR/roså­¦ä¹ è®°å½•_git/ROS-notes/rosæºä»£ç /TPC/install/GUTS:/opt/ros/humble /usr/bin/cmake --install /media/iruma/Data/AIR/roså­¦ä¹ è®°å½•_git/ROS-notes/rosæºä»£ç /TPC/build/Iruma
[0.279s] -- Install configuration: ""
[0.280s] -- Up-to-date: /media/iruma/Data/AIR/roså­¦ä¹ è®°å½•_git/ROS-notes/rosæºä»£ç /TPC/install/Iruma/share/ament_index/resource_index/package_run_dependencies/Iruma
[0.281s] -- Up-to-date: /media/iruma/Data/AIR/roså­¦ä¹ è®°å½•_git/ROS-notes/rosæºä»£ç /TPC/install/Iruma/share/ament_index/resource_index/parent_prefix_path/Iruma
[0.281s] -- Up-to-date: /media/iruma/Data/AIR/roså­¦ä¹ è®°å½•_git/ROS-notes/rosæºä»£ç /TPC/install/Iruma/share/Iruma/environment/ament_prefix_path.sh
[0.282s] -- Up-to-date: /media/iruma/Data/AIR/roså­¦ä¹ è®°å½•_git/ROS-notes/rosæºä»£ç /TPC/install/Iruma/share/Iruma/environment/ament_prefix_path.dsv
[0.283s] -- Up-to-date: /media/iruma/Data/AIR/roså­¦ä¹ è®°å½•_git/ROS-notes/rosæºä»£ç /TPC/install/Iruma/share/Iruma/environment/path.sh
[0.283s] -- Up-to-date: /media/iruma/Data/AIR/roså­¦ä¹ è®°å½•_git/ROS-notes/rosæºä»£ç /TPC/install/Iruma/share/Iruma/environment/path.dsv
[0.284s] -- Up-to-date: /media/iruma/Data/AIR/roså­¦ä¹ è®°å½•_git/ROS-notes/rosæºä»£ç /TPC/install/Iruma/share/Iruma/local_setup.bash
[0.284s] -- Up-to-date: /media/iruma/Data/AIR/roså­¦ä¹ è®°å½•_git/ROS-notes/rosæºä»£ç /TPC/install/Iruma/share/Iruma/local_setup.sh
[0.285s] -- Up-to-date: /media/iruma/Data/AIR/roså­¦ä¹ è®°å½•_git/ROS-notes/rosæºä»£ç /TPC/install/Iruma/share/Iruma/local_setup.zsh
[0.286s] -- Up-to-date: /media/iruma/Data/AIR/roså­¦ä¹ è®°å½•_git/ROS-notes/rosæºä»£ç /TPC/install/Iruma/share/Iruma/local_setup.dsv
[0.286s] -- Installing: /media/iruma/Data/AIR/roså­¦ä¹ è®°å½•_git/ROS-notes/rosæºä»£ç /TPC/install/Iruma/share/Iruma/package.dsv
[0.289s] -- Up-to-date: /media/iruma/Data/AIR/roså­¦ä¹ è®°å½•_git/ROS-notes/rosæºä»£ç /TPC/install/Iruma/share/ament_index/resource_index/packages/Iruma
[0.290s] -- Up-to-date: /media/iruma/Data/AIR/roså­¦ä¹ è®°å½•_git/ROS-notes/rosæºä»£ç /TPC/install/Iruma/share/Iruma/cmake/IrumaConfig.cmake
[0.290s] -- Up-to-date: /media/iruma/Data/AIR/roså­¦ä¹ è®°å½•_git/ROS-notes/rosæºä»£ç /TPC/install/Iruma/share/Iruma/cmake/IrumaConfig-version.cmake
[0.291s] -- Up-to-date: /media/iruma/Data/AIR/roså­¦ä¹ è®°å½•_git/ROS-notes/rosæºä»£ç /TPC/install/Iruma/share/Iruma/package.xml
[0.293s] -- Up-to-date: /media/iruma/Data/AIR/roså­¦ä¹ è®°å½•_git/ROS-notes/rosæºä»£ç /TPC/install/Iruma/lib/Iruma/Iruma
[0.297s] Invoked command in '/media/iruma/Data/AIR/roså­¦ä¹ è®°å½•_git/ROS-notes/rosæºä»£ç /TPC/build/Iruma' returned '0': CMAKE_PREFIX_PATH=${CMAKE_PREFIX_PATH}:/media/iruma/Data/AIR/roså­¦ä¹ è®°å½•_git/ROS-notes/rosæºä»£ç /TPC/install/GUTS:/opt/ros/humble /usr/bin/cmake --install /media/iruma/Data/AIR/roså­¦ä¹ è®°å½•_git/ROS-notes/rosæºä»£ç /TPC/build/Iruma
