-- The C compiler identification is GNU 11.3.0
-- The CXX compiler identification is GNU 11.3.0
-- Detecting C compiler ABI info
-- Detecting C compiler ABI info - done
-- Check for working C compiler: /usr/bin/cc - skipped
-- Detecting C compile features
-- Detecting C compile features - done
-- Detecting CXX compiler ABI info
-- Detecting CXX compiler ABI info - done
-- Check for working CXX compiler: /usr/bin/c++ - skipped
-- Detecting CXX compile features
-- Detecting CXX compile features - done
-- Found ament_cmake: 1.3.2 (/opt/ros/humble/share/ament_cmake/cmake)
-- Found Python3: /usr/bin/python3.10 (found version "3.10.6") found components: Interpreter 
-- Found rclcpp: 16.0.1 (/opt/ros/humble/share/rclcpp/cmake)
-- Found rosidl_generator_c: 3.1.3 (/opt/ros/humble/share/rosidl_generator_c/cmake)
-- Found rosidl_adapter: 3.1.3 (/opt/ros/humble/share/rosidl_adapter/cmake)
-- Found rosidl_generator_cpp: 3.1.3 (/opt/ros/humble/share/rosidl_generator_cpp/cmake)
-- Using all available rosidl_typesupport_c: rosidl_typesupport_fastrtps_c;rosidl_typesupport_introspection_c
-- Using all available rosidl_typesupport_cpp: rosidl_typesupport_fastrtps_cpp;rosidl_typesupport_introspection_cpp
-- Found rmw_implementation_cmake: 6.1.0 (/opt/ros/humble/share/rmw_implementation_cmake/cmake)
-- Found rmw_fastrtps_cpp: 6.2.1 (/opt/ros/humble/share/rmw_fastrtps_cpp/cmake)
-- Found OpenSSL: /usr/lib/x86_64-linux-gnu/libcrypto.so (found version "3.0.2")  
-- Found FastRTPS: /opt/ros/humble/include  
-- Using RMW implementation 'rmw_fastrtps_cpp' as default
-- Found ament_lint_auto: 0.12.4 (/opt/ros/humble/share/ament_lint_auto/cmake)
WARNING: Package name "Iruma" does not follow the naming conventions. It should start with a lower case letter and only contain lower case letters, digits, underscores, and dashes.
-- Added test 'cppcheck' to perform static code analysis on C / C++ code
-- Configured cppcheck include dirs: 
-- Configured cppcheck exclude dirs and/or files: 
-- Added test 'lint_cmake' to check CMake code style
-- Added test 'uncrustify' to check C / C++ code style
-- Configured uncrustify additional arguments: 
-- Added test 'xmllint' to check XML markup files
-- Configuring done
-- Generating done
-- Build files have been written to: /media/iruma/Data/AIR/ros学习记录_git/ROS-notes/ros源代码/TPC/build/Iruma
[ 50%] [32mBuilding CXX object CMakeFiles/Iruma.dir/src/Iruma.cpp.o[0m
[100%] [32m[1mLinking CXX executable Iruma[0m
[100%] Built target Iruma
-- Install configuration: ""
-- Installing: /media/iruma/Data/AIR/ros学习记录_git/ROS-notes/ros源代码/TPC/install/Iruma/share/ament_index/resource_index/package_run_dependencies/Iruma
-- Installing: /media/iruma/Data/AIR/ros学习记录_git/ROS-notes/ros源代码/TPC/install/Iruma/share/ament_index/resource_index/parent_prefix_path/Iruma
-- Installing: /media/iruma/Data/AIR/ros学习记录_git/ROS-notes/ros源代码/TPC/install/Iruma/share/Iruma/environment/ament_prefix_path.sh
-- Installing: /media/iruma/Data/AIR/ros学习记录_git/ROS-notes/ros源代码/TPC/install/Iruma/share/Iruma/environment/ament_prefix_path.dsv
-- Installing: /media/iruma/Data/AIR/ros学习记录_git/ROS-notes/ros源代码/TPC/install/Iruma/share/Iruma/environment/path.sh
-- Installing: /media/iruma/Data/AIR/ros学习记录_git/ROS-notes/ros源代码/TPC/install/Iruma/share/Iruma/environment/path.dsv
-- Installing: /media/iruma/Data/AIR/ros学习记录_git/ROS-notes/ros源代码/TPC/install/Iruma/share/Iruma/local_setup.bash
-- Installing: /media/iruma/Data/AIR/ros学习记录_git/ROS-notes/ros源代码/TPC/install/Iruma/share/Iruma/local_setup.sh
-- Installing: /media/iruma/Data/AIR/ros学习记录_git/ROS-notes/ros源代码/TPC/install/Iruma/share/Iruma/local_setup.zsh
-- Installing: /media/iruma/Data/AIR/ros学习记录_git/ROS-notes/ros源代码/TPC/install/Iruma/share/Iruma/local_setup.dsv
-- Installing: /media/iruma/Data/AIR/ros学习记录_git/ROS-notes/ros源代码/TPC/install/Iruma/share/Iruma/package.dsv
-- Installing: /media/iruma/Data/AIR/ros学习记录_git/ROS-notes/ros源代码/TPC/install/Iruma/share/ament_index/resource_index/packages/Iruma
-- Installing: /media/iruma/Data/AIR/ros学习记录_git/ROS-notes/ros源代码/TPC/install/Iruma/share/Iruma/cmake/IrumaConfig.cmake
-- Installing: /media/iruma/Data/AIR/ros学习记录_git/ROS-notes/ros源代码/TPC/install/Iruma/share/Iruma/cmake/IrumaConfig-version.cmake
-- Installing: /media/iruma/Data/AIR/ros学习记录_git/ROS-notes/ros源代码/TPC/install/Iruma/share/Iruma/package.xml
-- Installing: /media/iruma/Data/AIR/ros学习记录_git/ROS-notes/ros源代码/TPC/install/Iruma/lib/Iruma/Iruma
-- Set runtime path of "/media/iruma/Data/AIR/ros学习记录_git/ROS-notes/ros源代码/TPC/install/Iruma/lib/Iruma/Iruma" to ""
