[0.012s] Invoking command in '/media/iruma/Data/AIR/ros学习记录_git/ROS-notes/ros源代码/helloROS_ws/src/build/DAIGO': CMAKE_PREFIX_PATH=${CMAKE_PREFIX_PATH}:/opt/ros/humble /usr/bin/cmake --build /media/iruma/Data/AIR/ros学习记录_git/ROS-notes/ros源代码/helloROS_ws/src/build/DAIGO -- -j16 -l16
[0.046s] [35m[1mConsolidate compiler generated dependencies of target DAIGO_node[0m
[0.090s] [ 50%] [32mBuilding CXX object CMakeFiles/DAIGO_node.dir/src/DAIGO.cpp.o[0m
[1.730s] [100%] [32m[1mLinking CXX executable DAIGO_node[0m
[1.807s] [100%] Built target DAIGO_node
[1.814s] Invoked command in '/media/iruma/Data/AIR/ros学习记录_git/ROS-notes/ros源代码/helloROS_ws/src/build/DAIGO' returned '0': CMAKE_PREFIX_PATH=${CMAKE_PREFIX_PATH}:/opt/ros/humble /usr/bin/cmake --build /media/iruma/Data/AIR/ros学习记录_git/ROS-notes/ros源代码/helloROS_ws/src/build/DAIGO -- -j16 -l16
[1.841s] Invoking command in '/media/iruma/Data/AIR/ros学习记录_git/ROS-notes/ros源代码/helloROS_ws/src/build/DAIGO': CMAKE_PREFIX_PATH=${CMAKE_PREFIX_PATH}:/opt/ros/humble /usr/bin/cmake --install /media/iruma/Data/AIR/ros学习记录_git/ROS-notes/ros源代码/helloROS_ws/src/build/DAIGO
[1.848s] -- Install configuration: ""
[1.851s] -- Up-to-date: /media/iruma/Data/AIR/ros学习记录_git/ROS-notes/ros源代码/helloROS_ws/src/install/DAIGO/share/ament_index/resource_index/package_run_dependencies/DAIGO
[1.854s] -- Up-to-date: /media/iruma/Data/AIR/ros学习记录_git/ROS-notes/ros源代码/helloROS_ws/src/install/DAIGO/share/ament_index/resource_index/parent_prefix_path/DAIGO
[1.855s] -- Up-to-date: /media/iruma/Data/AIR/ros学习记录_git/ROS-notes/ros源代码/helloROS_ws/src/install/DAIGO/share/DAIGO/environment/ament_prefix_path.sh
[1.856s] -- Up-to-date: /media/iruma/Data/AIR/ros学习记录_git/ROS-notes/ros源代码/helloROS_ws/src/install/DAIGO/share/DAIGO/environment/ament_prefix_path.dsv
[1.857s] -- Up-to-date: /media/iruma/Data/AIR/ros学习记录_git/ROS-notes/ros源代码/helloROS_ws/src/install/DAIGO/share/DAIGO/environment/path.sh
[1.858s] -- Up-to-date: /media/iruma/Data/AIR/ros学习记录_git/ROS-notes/ros源代码/helloROS_ws/src/install/DAIGO/share/DAIGO/environment/path.dsv
[1.859s] -- Up-to-date: /media/iruma/Data/AIR/ros学习记录_git/ROS-notes/ros源代码/helloROS_ws/src/install/DAIGO/share/DAIGO/local_setup.bash
[1.860s] -- Up-to-date: /media/iruma/Data/AIR/ros学习记录_git/ROS-notes/ros源代码/helloROS_ws/src/install/DAIGO/share/DAIGO/local_setup.sh
[1.861s] -- Up-to-date: /media/iruma/Data/AIR/ros学习记录_git/ROS-notes/ros源代码/helloROS_ws/src/install/DAIGO/share/DAIGO/local_setup.zsh
[1.862s] -- Up-to-date: /media/iruma/Data/AIR/ros学习记录_git/ROS-notes/ros源代码/helloROS_ws/src/install/DAIGO/share/DAIGO/local_setup.dsv
[1.863s] -- Installing: /media/iruma/Data/AIR/ros学习记录_git/ROS-notes/ros源代码/helloROS_ws/src/install/DAIGO/share/DAIGO/package.dsv
[1.867s] -- Up-to-date: /media/iruma/Data/AIR/ros学习记录_git/ROS-notes/ros源代码/helloROS_ws/src/install/DAIGO/share/ament_index/resource_index/packages/DAIGO
[1.869s] -- Up-to-date: /media/iruma/Data/AIR/ros学习记录_git/ROS-notes/ros源代码/helloROS_ws/src/install/DAIGO/share/DAIGO/cmake/DAIGOConfig.cmake
[1.870s] -- Up-to-date: /media/iruma/Data/AIR/ros学习记录_git/ROS-notes/ros源代码/helloROS_ws/src/install/DAIGO/share/DAIGO/cmake/DAIGOConfig-version.cmake
[1.871s] -- Up-to-date: /media/iruma/Data/AIR/ros学习记录_git/ROS-notes/ros源代码/helloROS_ws/src/install/DAIGO/share/DAIGO/package.xml
[1.872s] -- Installing: /media/iruma/Data/AIR/ros学习记录_git/ROS-notes/ros源代码/helloROS_ws/src/install/DAIGO/lib/DAIGO/DAIGO_node
[1.876s] -- Set runtime path of "/media/iruma/Data/AIR/ros学习记录_git/ROS-notes/ros源代码/helloROS_ws/src/install/DAIGO/lib/DAIGO/DAIGO_node" to ""
[1.878s] Invoked command in '/media/iruma/Data/AIR/ros学习记录_git/ROS-notes/ros源代码/helloROS_ws/src/build/DAIGO' returned '0': CMAKE_PREFIX_PATH=${CMAKE_PREFIX_PATH}:/opt/ros/humble /usr/bin/cmake --install /media/iruma/Data/AIR/ros学习记录_git/ROS-notes/ros源代码/helloROS_ws/src/build/DAIGO
