[0.013s] Invoking command in '/media/iruma/Data/AIR/ros学习记录_git/ROS-notes/ros源代码/helloROS_ws/src/build/DAIGO': CMAKE_PREFIX_PATH=${CMAKE_PREFIX_PATH}:/opt/ros/humble /usr/bin/cmake --build /media/iruma/Data/AIR/ros学习记录_git/ROS-notes/ros源代码/helloROS_ws/src/build/DAIGO -- -j16 -l16
[0.042s] [35m[1mConsolidate compiler generated dependencies of target DAIGO_node[0m
[0.083s] [ 50%] [32mBuilding CXX object CMakeFiles/DAIGO_node.dir/src/DAIGO.cpp.o[0m
[1.452s] In file included from [01m[K/opt/ros/humble/include/rclcpp/rclcpp/logging.hpp:24[m[K,
[1.452s]                  from [01m[K/opt/ros/humble/include/rclcpp/rclcpp/client.hpp:40[m[K,
[1.452s]                  from [01m[K/opt/ros/humble/include/rclcpp/rclcpp/callback_group.hpp:23[m[K,
[1.453s]                  from [01m[K/opt/ros/humble/include/rclcpp/rclcpp/any_executable.hpp:20[m[K,
[1.453s]                  from [01m[K/opt/ros/humble/include/rclcpp/rclcpp/memory_strategy.hpp:25[m[K,
[1.453s]                  from [01m[K/opt/ros/humble/include/rclcpp/rclcpp/memory_strategies.hpp:18[m[K,
[1.453s]                  from [01m[K/opt/ros/humble/include/rclcpp/rclcpp/executor_options.hpp:20[m[K,
[1.454s]                  from [01m[K/opt/ros/humble/include/rclcpp/rclcpp/executor.hpp:37[m[K,
[1.454s]                  from [01m[K/opt/ros/humble/include/rclcpp/rclcpp/executors/multi_threaded_executor.hpp:25[m[K,
[1.454s]                  from [01m[K/opt/ros/humble/include/rclcpp/rclcpp/executors.hpp:21[m[K,
[1.454s]                  from [01m[K/opt/ros/humble/include/rclcpp/rclcpp/rclcpp.hpp:155[m[K,
[1.454s]                  from [01m[K/media/iruma/Data/AIR/ros学习记录_git/ROS-notes/ros源代码/helloROS_ws/src/DAIGO/src/DAIGO.cpp:1[m[K:
[1.454s] [01m[K/media/iruma/Data/AIR/ros学习记录_git/ROS-notes/ros源代码/helloROS_ws/src/DAIGO/src/DAIGO.cpp:[m[K In constructor ‘[01m[KUltramanNode::UltramanNode(std::string)[m[K’:
[1.455s] [01m[K/media/iruma/Data/AIR/ros学习记录_git/ROS-notes/ros源代码/helloROS_ws/src/DAIGO/src/DAIGO.cpp:10:60:[m[K [01;31m[Kerror: [m[Kinvalid use of non-static member function ‘[01m[Kconst _CharT* std::__cxx11::basic_string<_CharT, _Traits, _Alloc>::c_str() const [with _CharT = char; _Traits = std::char_traits<char>; _Alloc = std::allocator<char>][m[K’
[1.455s]    10 |     RCLCPP_INFO(this->get_logger(),"I am ultraman %s",[01;31m[Kname.c_str[m[K);
[1.455s]       |                                                       [01;31m[K~~~~~^~~~~[m[K
[1.455s] In file included from [01m[K/usr/include/c++/11/string:55[m[K,
[1.455s]                  from [01m[K/usr/include/c++/11/stdexcept:39[m[K,
[1.455s]                  from [01m[K/usr/include/c++/11/system_error:41[m[K,
[1.455s]                  from [01m[K/usr/include/c++/11/mutex:42[m[K,
[1.456s]                  from [01m[K/usr/include/c++/11/future:38[m[K,
[1.456s]                  from [01m[K/opt/ros/humble/include/rclcpp/rclcpp/executors.hpp:18[m[K,
[1.456s]                  from [01m[K/opt/ros/humble/include/rclcpp/rclcpp/rclcpp.hpp:155[m[K,
[1.456s]                  from [01m[K/media/iruma/Data/AIR/ros学习记录_git/ROS-notes/ros源代码/helloROS_ws/src/DAIGO/src/DAIGO.cpp:1[m[K:
[1.456s] [01m[K/usr/include/c++/11/bits/basic_string.h:2320:7:[m[K [01;36m[Knote: [m[Kdeclared here
[1.456s]  2320 |       [01;36m[Kc_str[m[K() const _GLIBCXX_NOEXCEPT
[1.456s]       |       [01;36m[K^~~~~[m[K
[1.717s] gmake[2]: *** [CMakeFiles/DAIGO_node.dir/build.make:76：CMakeFiles/DAIGO_node.dir/src/DAIGO.cpp.o] 错误 1
[1.718s] gmake[1]: *** [CMakeFiles/Makefile2:137：CMakeFiles/DAIGO_node.dir/all] 错误 2
[1.719s] gmake: *** [Makefile:146：all] 错误 2
[1.720s] Invoked command in '/media/iruma/Data/AIR/ros学习记录_git/ROS-notes/ros源代码/helloROS_ws/src/build/DAIGO' returned '2': CMAKE_PREFIX_PATH=${CMAKE_PREFIX_PATH}:/opt/ros/humble /usr/bin/cmake --build /media/iruma/Data/AIR/ros学习记录_git/ROS-notes/ros源代码/helloROS_ws/src/build/DAIGO -- -j16 -l16
