running egg_info
writing ../../build/helloros/helloros.egg-info/PKG-INFO
writing dependency_links to ../../build/helloros/helloros.egg-info/dependency_links.txt
writing entry points to ../../build/helloros/helloros.egg-info/entry_points.txt
writing requirements to ../../build/helloros/helloros.egg-info/requires.txt
writing top-level names to ../../build/helloros/helloros.egg-info/top_level.txt
reading manifest file '../../build/helloros/helloros.egg-info/SOURCES.txt'
writing manifest file '../../build/helloros/helloros.egg-info/SOURCES.txt'
running build
running build_py
copying helloros/hello.py -> /home/iruma/Desktop/helloROS_ws_oop/build/helloros/build/lib/helloros
running install
running install_lib
copying /home/iruma/Desktop/helloROS_ws_oop/build/helloros/build/lib/helloros/hello.py -> /home/iruma/Desktop/helloROS_ws_oop/install/helloros/lib/python3.10/site-packages/helloros
byte-compiling /home/iruma/Desktop/helloROS_ws_oop/install/helloros/lib/python3.10/site-packages/helloros/hello.py to hello.cpython-310.pyc
running install_data
running install_egg_info
removing '/home/iruma/Desktop/helloROS_ws_oop/install/helloros/lib/python3.10/site-packages/helloros-0.0.0-py3.10.egg-info' (and everything under it)
Copying ../../build/helloros/helloros.egg-info to /home/iruma/Desktop/helloROS_ws_oop/install/helloros/lib/python3.10/site-packages/helloros-0.0.0-py3.10.egg-info
running install_scripts
Installing node script to /home/iruma/Desktop/helloROS_ws_oop/install/helloros/lib/helloros
writing list of installed files to '/home/iruma/Desktop/helloROS_ws_oop/build/helloros/install.log'
