[0.158s] DEBUG:colcon:Command line arguments: ['/usr/bin/colcon', 'build', '--packages-select', 'Iruma']
[0.158s] DEBUG:colcon:Parsed command line arguments: Namespace(log_base=None, log_level=None, verb_name='build', build_base='build', install_base='install', merge_install=False, symlink_install=False, test_result_base=None, continue_on_error=False, executor='parallel', parallel_workers=16, event_handlers=None, ignore_user_meta=False, metas=['./colcon.meta'], base_paths=['.'], packages_ignore=None, packages_ignore_regex=None, paths=None, packages_up_to=None, packages_up_to_regex=None, packages_above=None, packages_above_and_dependencies=None, packages_above_depth=None, packages_select_by_dep=None, packages_skip_by_dep=None, packages_skip_up_to=None, packages_select_build_failed=False, packages_skip_build_finished=False, packages_select_test_failures=False, packages_skip_test_passed=False, packages_select=['Iruma'], packages_skip=None, packages_select_regex=None, packages_skip_regex=None, packages_start=None, packages_end=None, allow_overriding=[], cmake_args=None, cmake_target=None, cmake_target_skip_unavailable=False, cmake_clean_cache=False, cmake_clean_first=False, cmake_force_configure=False, ament_cmake_args=None, catkin_cmake_args=None, catkin_skip_building_tests=False, verb_parser=<colcon_defaults.argument_parser.defaults.DefaultArgumentsDecorator object at 0x7f4c74830670>, verb_extension=<colcon_core.verb.build.BuildVerb object at 0x7f4c75166680>, main=<bound method BuildVerb.main of <colcon_core.verb.build.BuildVerb object at 0x7f4c75166680>>)
[0.172s] Level 1:colcon.colcon_core.package_discovery:discover_packages(colcon_meta) check parameters
[0.173s] Level 1:colcon.colcon_core.package_discovery:discover_packages(recursive) check parameters
[0.173s] Level 1:colcon.colcon_core.package_discovery:discover_packages(ignore) check parameters
[0.173s] Level 1:colcon.colcon_core.package_discovery:discover_packages(path) check parameters
[0.173s] Level 1:colcon.colcon_core.package_discovery:discover_packages(colcon_meta) discover
[0.173s] Level 1:colcon.colcon_core.package_discovery:discover_packages(recursive) discover
[0.173s] INFO:colcon.colcon_core.package_discovery:Crawling recursively for packages in '/media/iruma/Data/AIR/ros学习记录_git/ROS-notes/ros源代码/TPC'
[0.173s] Level 1:colcon.colcon_core.package_identification:_identify(.) by extensions ['ignore', 'ignore_ament_install']
[0.173s] Level 1:colcon.colcon_core.package_identification:_identify(.) by extension 'ignore'
[0.173s] Level 1:colcon.colcon_core.package_identification:_identify(.) by extension 'ignore_ament_install'
[0.173s] Level 1:colcon.colcon_core.package_identification:_identify(.) by extensions ['colcon_pkg']
[0.173s] Level 1:colcon.colcon_core.package_identification:_identify(.) by extension 'colcon_pkg'
[0.174s] Level 1:colcon.colcon_core.package_identification:_identify(.) by extensions ['colcon_meta']
[0.174s] Level 1:colcon.colcon_core.package_identification:_identify(.) by extension 'colcon_meta'
[0.174s] Level 1:colcon.colcon_core.package_identification:_identify(.) by extensions ['ros']
[0.174s] Level 1:colcon.colcon_core.package_identification:_identify(.) by extension 'ros'
[0.186s] Level 1:colcon.colcon_core.package_identification:_identify(.) by extensions ['cmake', 'python']
[0.186s] Level 1:colcon.colcon_core.package_identification:_identify(.) by extension 'cmake'
[0.186s] Level 1:colcon.colcon_core.package_identification:_identify(.) by extension 'python'
[0.186s] Level 1:colcon.colcon_core.package_identification:_identify(.) by extensions ['python_setup_py']
[0.186s] Level 1:colcon.colcon_core.package_identification:_identify(.) by extension 'python_setup_py'
[0.186s] Level 1:colcon.colcon_core.package_identification:_identify(build) by extensions ['ignore', 'ignore_ament_install']
[0.186s] Level 1:colcon.colcon_core.package_identification:_identify(build) by extension 'ignore'
[0.186s] Level 1:colcon.colcon_core.package_identification:_identify(build) ignored
[0.187s] Level 1:colcon.colcon_core.package_identification:_identify(install) by extensions ['ignore', 'ignore_ament_install']
[0.187s] Level 1:colcon.colcon_core.package_identification:_identify(install) by extension 'ignore'
[0.187s] Level 1:colcon.colcon_core.package_identification:_identify(install) ignored
[0.187s] Level 1:colcon.colcon_core.package_identification:_identify(log) by extensions ['ignore', 'ignore_ament_install']
[0.187s] Level 1:colcon.colcon_core.package_identification:_identify(log) by extension 'ignore'
[0.187s] Level 1:colcon.colcon_core.package_identification:_identify(log) ignored
[0.187s] Level 1:colcon.colcon_core.package_identification:_identify(src) by extensions ['ignore', 'ignore_ament_install']
[0.187s] Level 1:colcon.colcon_core.package_identification:_identify(src) by extension 'ignore'
[0.187s] Level 1:colcon.colcon_core.package_identification:_identify(src) by extension 'ignore_ament_install'
[0.187s] Level 1:colcon.colcon_core.package_identification:_identify(src) by extensions ['colcon_pkg']
[0.187s] Level 1:colcon.colcon_core.package_identification:_identify(src) by extension 'colcon_pkg'
[0.187s] Level 1:colcon.colcon_core.package_identification:_identify(src) by extensions ['colcon_meta']
[0.187s] Level 1:colcon.colcon_core.package_identification:_identify(src) by extension 'colcon_meta'
[0.188s] Level 1:colcon.colcon_core.package_identification:_identify(src) by extensions ['ros']
[0.188s] Level 1:colcon.colcon_core.package_identification:_identify(src) by extension 'ros'
[0.188s] Level 1:colcon.colcon_core.package_identification:_identify(src) by extensions ['cmake', 'python']
[0.188s] Level 1:colcon.colcon_core.package_identification:_identify(src) by extension 'cmake'
[0.188s] Level 1:colcon.colcon_core.package_identification:_identify(src) by extension 'python'
[0.188s] Level 1:colcon.colcon_core.package_identification:_identify(src) by extensions ['python_setup_py']
[0.188s] Level 1:colcon.colcon_core.package_identification:_identify(src) by extension 'python_setup_py'
[0.188s] Level 1:colcon.colcon_core.package_identification:_identify(src/GUTS) by extensions ['ignore', 'ignore_ament_install']
[0.188s] Level 1:colcon.colcon_core.package_identification:_identify(src/GUTS) by extension 'ignore'
[0.188s] Level 1:colcon.colcon_core.package_identification:_identify(src/GUTS) by extension 'ignore_ament_install'
[0.188s] Level 1:colcon.colcon_core.package_identification:_identify(src/GUTS) by extensions ['colcon_pkg']
[0.188s] Level 1:colcon.colcon_core.package_identification:_identify(src/GUTS) by extension 'colcon_pkg'
[0.188s] Level 1:colcon.colcon_core.package_identification:_identify(src/GUTS) by extensions ['colcon_meta']
[0.188s] Level 1:colcon.colcon_core.package_identification:_identify(src/GUTS) by extension 'colcon_meta'
[0.188s] Level 1:colcon.colcon_core.package_identification:_identify(src/GUTS) by extensions ['ros']
[0.188s] Level 1:colcon.colcon_core.package_identification:_identify(src/GUTS) by extension 'ros'
[0.190s] DEBUG:colcon.colcon_core.package_identification:Package 'src/GUTS' with type 'ros.ament_python' and name 'GUTS'
[0.191s] Level 1:colcon.colcon_core.package_identification:_identify(src/Iruma) by extensions ['ignore', 'ignore_ament_install']
[0.191s] Level 1:colcon.colcon_core.package_identification:_identify(src/Iruma) by extension 'ignore'
[0.191s] Level 1:colcon.colcon_core.package_identification:_identify(src/Iruma) by extension 'ignore_ament_install'
[0.191s] Level 1:colcon.colcon_core.package_identification:_identify(src/Iruma) by extensions ['colcon_pkg']
[0.191s] Level 1:colcon.colcon_core.package_identification:_identify(src/Iruma) by extension 'colcon_pkg'
[0.191s] Level 1:colcon.colcon_core.package_identification:_identify(src/Iruma) by extensions ['colcon_meta']
[0.191s] Level 1:colcon.colcon_core.package_identification:_identify(src/Iruma) by extension 'colcon_meta'
[0.191s] Level 1:colcon.colcon_core.package_identification:_identify(src/Iruma) by extensions ['ros']
[0.191s] Level 1:colcon.colcon_core.package_identification:_identify(src/Iruma) by extension 'ros'
[0.192s] DEBUG:colcon.colcon_core.package_identification:Package 'src/Iruma' with type 'ros.ament_cmake' and name 'Iruma'
[0.192s] Level 1:colcon.colcon_core.package_discovery:discover_packages(recursive) using defaults
[0.192s] Level 1:colcon.colcon_core.package_discovery:discover_packages(ignore) discover
[0.192s] Level 1:colcon.colcon_core.package_discovery:discover_packages(ignore) using defaults
[0.192s] Level 1:colcon.colcon_core.package_discovery:discover_packages(path) discover
[0.192s] Level 1:colcon.colcon_core.package_discovery:discover_packages(path) using defaults
[0.208s] INFO:colcon.colcon_core.package_selection:Skipping not selected package 'GUTS' in 'src/GUTS'
[0.209s] Level 1:colcon.colcon_core.package_discovery:discover_packages(prefix_path) check parameters
[0.209s] Level 1:colcon.colcon_core.package_discovery:discover_packages(prefix_path) discover
[0.211s] DEBUG:colcon.colcon_installed_package_information.package_discovery:Found 270 installed packages in /opt/ros/humble
[0.211s] Level 1:colcon.colcon_core.package_discovery:discover_packages(prefix_path) using defaults
[0.244s] Level 5:colcon.colcon_core.verb:set package 'Iruma' build argument 'cmake_args' from command line to 'None'
[0.244s] Level 5:colcon.colcon_core.verb:set package 'Iruma' build argument 'cmake_target' from command line to 'None'
[0.245s] Level 5:colcon.colcon_core.verb:set package 'Iruma' build argument 'cmake_target_skip_unavailable' from command line to 'False'
[0.245s] Level 5:colcon.colcon_core.verb:set package 'Iruma' build argument 'cmake_clean_cache' from command line to 'False'
[0.245s] Level 5:colcon.colcon_core.verb:set package 'Iruma' build argument 'cmake_clean_first' from command line to 'False'
[0.245s] Level 5:colcon.colcon_core.verb:set package 'Iruma' build argument 'cmake_force_configure' from command line to 'False'
[0.245s] Level 5:colcon.colcon_core.verb:set package 'Iruma' build argument 'ament_cmake_args' from command line to 'None'
[0.245s] Level 5:colcon.colcon_core.verb:set package 'Iruma' build argument 'catkin_cmake_args' from command line to 'None'
[0.245s] Level 5:colcon.colcon_core.verb:set package 'Iruma' build argument 'catkin_skip_building_tests' from command line to 'False'
[0.245s] DEBUG:colcon.colcon_core.verb:Building package 'Iruma' with the following arguments: {'ament_cmake_args': None, 'build_base': '/media/iruma/Data/AIR/ros学习记录_git/ROS-notes/ros源代码/TPC/build/Iruma', 'catkin_cmake_args': None, 'catkin_skip_building_tests': False, 'cmake_args': None, 'cmake_clean_cache': False, 'cmake_clean_first': False, 'cmake_force_configure': False, 'cmake_target': None, 'cmake_target_skip_unavailable': False, 'install_base': '/media/iruma/Data/AIR/ros学习记录_git/ROS-notes/ros源代码/TPC/install/Iruma', 'merge_install': False, 'path': '/media/iruma/Data/AIR/ros学习记录_git/ROS-notes/ros源代码/TPC/src/Iruma', 'symlink_install': False, 'test_result_base': None}
[0.245s] INFO:colcon.colcon_core.executor:Executing jobs using 'parallel' executor
[0.248s] DEBUG:colcon.colcon_parallel_executor.executor.parallel:run_until_complete
[0.248s] INFO:colcon.colcon_ros.task.ament_cmake.build:Building ROS package in '/media/iruma/Data/AIR/ros学习记录_git/ROS-notes/ros源代码/TPC/src/Iruma' with build type 'ament_cmake'
[0.248s] INFO:colcon.colcon_cmake.task.cmake.build:Building CMake package in '/media/iruma/Data/AIR/ros学习记录_git/ROS-notes/ros源代码/TPC/src/Iruma'
[0.251s] INFO:colcon.colcon_core.plugin_system:Skipping extension 'colcon_core.shell.bat': Not used on non-Windows systems
[0.251s] INFO:colcon.colcon_core.shell:Skip shell extension 'powershell' for command environment: Not usable outside of PowerShell
[0.251s] DEBUG:colcon.colcon_core.shell:Skip shell extension 'dsv' for command environment
[0.258s] DEBUG:colcon.colcon_core.event_handler.log_command:Invoking command in '/media/iruma/Data/AIR/ros学习记录_git/ROS-notes/ros源代码/TPC/build/Iruma': CMAKE_PREFIX_PATH=/opt/ros/humble /usr/bin/cmake /media/iruma/Data/AIR/ros学习记录_git/ROS-notes/ros源代码/TPC/src/Iruma -DCMAKE_INSTALL_PREFIX=/media/iruma/Data/AIR/ros学习记录_git/ROS-notes/ros源代码/TPC/install/Iruma
[1.227s] DEBUG:colcon.colcon_core.event_handler.log_command:Invoked command in '/media/iruma/Data/AIR/ros学习记录_git/ROS-notes/ros源代码/TPC/build/Iruma' returned '0': CMAKE_PREFIX_PATH=/opt/ros/humble /usr/bin/cmake /media/iruma/Data/AIR/ros学习记录_git/ROS-notes/ros源代码/TPC/src/Iruma -DCMAKE_INSTALL_PREFIX=/media/iruma/Data/AIR/ros学习记录_git/ROS-notes/ros源代码/TPC/install/Iruma
[1.229s] DEBUG:colcon.colcon_core.event_handler.log_command:Invoking command in '/media/iruma/Data/AIR/ros学习记录_git/ROS-notes/ros源代码/TPC/build/Iruma': CMAKE_PREFIX_PATH=/opt/ros/humble /usr/bin/cmake --build /media/iruma/Data/AIR/ros学习记录_git/ROS-notes/ros源代码/TPC/build/Iruma -- -j16 -l16
[3.019s] DEBUG:colcon.colcon_core.event_handler.log_command:Invoked command in '/media/iruma/Data/AIR/ros学习记录_git/ROS-notes/ros源代码/TPC/build/Iruma' returned '0': CMAKE_PREFIX_PATH=/opt/ros/humble /usr/bin/cmake --build /media/iruma/Data/AIR/ros学习记录_git/ROS-notes/ros源代码/TPC/build/Iruma -- -j16 -l16
[3.039s] DEBUG:colcon.colcon_core.event_handler.log_command:Invoking command in '/media/iruma/Data/AIR/ros学习记录_git/ROS-notes/ros源代码/TPC/build/Iruma': CMAKE_PREFIX_PATH=/opt/ros/humble /usr/bin/cmake --install /media/iruma/Data/AIR/ros学习记录_git/ROS-notes/ros源代码/TPC/build/Iruma
[3.077s] Level 1:colcon.colcon_core.environment:create_environment_scripts_only(Iruma)
[3.078s] DEBUG:colcon.colcon_core.event_handler.log_command:Invoked command in '/media/iruma/Data/AIR/ros学习记录_git/ROS-notes/ros源代码/TPC/build/Iruma' returned '0': CMAKE_PREFIX_PATH=/opt/ros/humble /usr/bin/cmake --install /media/iruma/Data/AIR/ros学习记录_git/ROS-notes/ros源代码/TPC/build/Iruma
[3.080s] Level 1:colcon.colcon_core.environment:checking '/media/iruma/Data/AIR/ros学习记录_git/ROS-notes/ros源代码/TPC/install/Iruma' for CMake module files
[3.082s] Level 1:colcon.colcon_core.environment:checking '/media/iruma/Data/AIR/ros学习记录_git/ROS-notes/ros源代码/TPC/install/Iruma' for CMake config files
[3.083s] Level 1:colcon.colcon_core.shell:create_environment_hook('Iruma', 'cmake_prefix_path')
[3.084s] INFO:colcon.colcon_core.shell:Creating environment hook '/media/iruma/Data/AIR/ros学习记录_git/ROS-notes/ros源代码/TPC/install/Iruma/share/Iruma/hook/cmake_prefix_path.ps1'
[3.085s] INFO:colcon.colcon_core.shell:Creating environment descriptor '/media/iruma/Data/AIR/ros学习记录_git/ROS-notes/ros源代码/TPC/install/Iruma/share/Iruma/hook/cmake_prefix_path.dsv'
[3.085s] INFO:colcon.colcon_core.shell:Creating environment hook '/media/iruma/Data/AIR/ros学习记录_git/ROS-notes/ros源代码/TPC/install/Iruma/share/Iruma/hook/cmake_prefix_path.sh'
[3.086s] Level 1:colcon.colcon_core.environment:checking '/media/iruma/Data/AIR/ros学习记录_git/ROS-notes/ros源代码/TPC/install/Iruma/lib'
[3.086s] Level 1:colcon.colcon_core.environment:checking '/media/iruma/Data/AIR/ros学习记录_git/ROS-notes/ros源代码/TPC/install/Iruma/bin'
[3.087s] Level 1:colcon.colcon_core.environment:checking '/media/iruma/Data/AIR/ros学习记录_git/ROS-notes/ros源代码/TPC/install/Iruma/lib/pkgconfig/Iruma.pc'
[3.087s] Level 1:colcon.colcon_core.environment:checking '/media/iruma/Data/AIR/ros学习记录_git/ROS-notes/ros源代码/TPC/install/Iruma/lib/python3.10/site-packages'
[3.087s] Level 1:colcon.colcon_core.environment:checking '/media/iruma/Data/AIR/ros学习记录_git/ROS-notes/ros源代码/TPC/install/Iruma/bin'
[3.088s] INFO:colcon.colcon_core.shell:Creating package script '/media/iruma/Data/AIR/ros学习记录_git/ROS-notes/ros源代码/TPC/install/Iruma/share/Iruma/package.ps1'
[3.089s] INFO:colcon.colcon_core.shell:Creating package descriptor '/media/iruma/Data/AIR/ros学习记录_git/ROS-notes/ros源代码/TPC/install/Iruma/share/Iruma/package.dsv'
[3.089s] INFO:colcon.colcon_core.shell:Creating package script '/media/iruma/Data/AIR/ros学习记录_git/ROS-notes/ros源代码/TPC/install/Iruma/share/Iruma/package.sh'
[3.090s] INFO:colcon.colcon_core.shell:Creating package script '/media/iruma/Data/AIR/ros学习记录_git/ROS-notes/ros源代码/TPC/install/Iruma/share/Iruma/package.bash'
[3.090s] INFO:colcon.colcon_core.shell:Creating package script '/media/iruma/Data/AIR/ros学习记录_git/ROS-notes/ros源代码/TPC/install/Iruma/share/Iruma/package.zsh'
[3.091s] Level 1:colcon.colcon_core.environment:create_file_with_runtime_dependencies(/media/iruma/Data/AIR/ros学习记录_git/ROS-notes/ros源代码/TPC/install/Iruma/share/colcon-core/packages/Iruma)
[3.106s] Level 1:colcon.colcon_core.environment:create_environment_scripts_only(Iruma)
[3.108s] Level 1:colcon.colcon_core.environment:checking '/media/iruma/Data/AIR/ros学习记录_git/ROS-notes/ros源代码/TPC/install/Iruma' for CMake module files
[3.110s] Level 1:colcon.colcon_core.environment:checking '/media/iruma/Data/AIR/ros学习记录_git/ROS-notes/ros源代码/TPC/install/Iruma' for CMake config files
[3.111s] Level 1:colcon.colcon_core.shell:create_environment_hook('Iruma', 'cmake_prefix_path')
[3.112s] INFO:colcon.colcon_core.shell:Creating environment hook '/media/iruma/Data/AIR/ros学习记录_git/ROS-notes/ros源代码/TPC/install/Iruma/share/Iruma/hook/cmake_prefix_path.ps1'
[3.113s] INFO:colcon.colcon_core.shell:Creating environment descriptor '/media/iruma/Data/AIR/ros学习记录_git/ROS-notes/ros源代码/TPC/install/Iruma/share/Iruma/hook/cmake_prefix_path.dsv'
[3.113s] INFO:colcon.colcon_core.shell:Creating environment hook '/media/iruma/Data/AIR/ros学习记录_git/ROS-notes/ros源代码/TPC/install/Iruma/share/Iruma/hook/cmake_prefix_path.sh'
[3.114s] Level 1:colcon.colcon_core.environment:checking '/media/iruma/Data/AIR/ros学习记录_git/ROS-notes/ros源代码/TPC/install/Iruma/lib'
[3.114s] Level 1:colcon.colcon_core.environment:checking '/media/iruma/Data/AIR/ros学习记录_git/ROS-notes/ros源代码/TPC/install/Iruma/bin'
[3.114s] Level 1:colcon.colcon_core.environment:checking '/media/iruma/Data/AIR/ros学习记录_git/ROS-notes/ros源代码/TPC/install/Iruma/lib/pkgconfig/Iruma.pc'
[3.114s] Level 1:colcon.colcon_core.environment:checking '/media/iruma/Data/AIR/ros学习记录_git/ROS-notes/ros源代码/TPC/install/Iruma/lib/python3.10/site-packages'
[3.115s] Level 1:colcon.colcon_core.environment:checking '/media/iruma/Data/AIR/ros学习记录_git/ROS-notes/ros源代码/TPC/install/Iruma/bin'
[3.115s] INFO:colcon.colcon_core.shell:Creating package script '/media/iruma/Data/AIR/ros学习记录_git/ROS-notes/ros源代码/TPC/install/Iruma/share/Iruma/package.ps1'
[3.116s] INFO:colcon.colcon_core.shell:Creating package descriptor '/media/iruma/Data/AIR/ros学习记录_git/ROS-notes/ros源代码/TPC/install/Iruma/share/Iruma/package.dsv'
[3.116s] INFO:colcon.colcon_core.shell:Creating package script '/media/iruma/Data/AIR/ros学习记录_git/ROS-notes/ros源代码/TPC/install/Iruma/share/Iruma/package.sh'
[3.117s] INFO:colcon.colcon_core.shell:Creating package script '/media/iruma/Data/AIR/ros学习记录_git/ROS-notes/ros源代码/TPC/install/Iruma/share/Iruma/package.bash'
[3.117s] INFO:colcon.colcon_core.shell:Creating package script '/media/iruma/Data/AIR/ros学习记录_git/ROS-notes/ros源代码/TPC/install/Iruma/share/Iruma/package.zsh'
[3.118s] Level 1:colcon.colcon_core.environment:create_file_with_runtime_dependencies(/media/iruma/Data/AIR/ros学习记录_git/ROS-notes/ros源代码/TPC/install/Iruma/share/colcon-core/packages/Iruma)
[3.118s] DEBUG:colcon.colcon_parallel_executor.executor.parallel:closing loop
[3.118s] DEBUG:colcon.colcon_parallel_executor.executor.parallel:loop closed
[3.118s] DEBUG:colcon.colcon_parallel_executor.executor.parallel:run_until_complete finished with '0'
[3.118s] DEBUG:colcon.colcon_core.event_reactor:joining thread
[3.124s] INFO:colcon.colcon_core.plugin_system:Skipping extension 'colcon_notification.desktop_notification.terminal_notifier': Not used on non-Darwin systems
[3.124s] INFO:colcon.colcon_core.plugin_system:Skipping extension 'colcon_notification.desktop_notification.win32': Not used on non-Windows systems
[3.124s] INFO:colcon.colcon_notification.desktop_notification:Sending desktop notification using 'notify2'
[3.132s] DEBUG:colcon.colcon_core.event_reactor:joined thread
[3.133s] INFO:colcon.colcon_core.shell:Creating prefix script '/media/iruma/Data/AIR/ros学习记录_git/ROS-notes/ros源代码/TPC/install/local_setup.ps1'
[3.134s] INFO:colcon.colcon_core.shell:Creating prefix util module '/media/iruma/Data/AIR/ros学习记录_git/ROS-notes/ros源代码/TPC/install/_local_setup_util_ps1.py'
[3.135s] INFO:colcon.colcon_core.shell:Creating prefix chain script '/media/iruma/Data/AIR/ros学习记录_git/ROS-notes/ros源代码/TPC/install/setup.ps1'
[3.136s] INFO:colcon.colcon_core.shell:Creating prefix script '/media/iruma/Data/AIR/ros学习记录_git/ROS-notes/ros源代码/TPC/install/local_setup.sh'
[3.136s] INFO:colcon.colcon_core.shell:Creating prefix util module '/media/iruma/Data/AIR/ros学习记录_git/ROS-notes/ros源代码/TPC/install/_local_setup_util_sh.py'
[3.137s] INFO:colcon.colcon_core.shell:Creating prefix chain script '/media/iruma/Data/AIR/ros学习记录_git/ROS-notes/ros源代码/TPC/install/setup.sh'
[3.138s] INFO:colcon.colcon_core.shell:Creating prefix script '/media/iruma/Data/AIR/ros学习记录_git/ROS-notes/ros源代码/TPC/install/local_setup.bash'
[3.138s] INFO:colcon.colcon_core.shell:Creating prefix chain script '/media/iruma/Data/AIR/ros学习记录_git/ROS-notes/ros源代码/TPC/install/setup.bash'
[3.139s] INFO:colcon.colcon_core.shell:Creating prefix script '/media/iruma/Data/AIR/ros学习记录_git/ROS-notes/ros源代码/TPC/install/local_setup.zsh'
[3.139s] INFO:colcon.colcon_core.shell:Creating prefix chain script '/media/iruma/Data/AIR/ros学习记录_git/ROS-notes/ros源代码/TPC/install/setup.zsh'
