[0.171s] DEBUG:colcon:Command line arguments: ['/usr/bin/colcon', 'build']
[0.172s] DEBUG:colcon:Parsed command line arguments: Namespace(log_base=None, log_level=None, verb_name='build', build_base='build', install_base='install', merge_install=False, symlink_install=False, test_result_base=None, continue_on_error=False, executor='parallel', parallel_workers=16, event_handlers=None, ignore_user_meta=False, metas=['./colcon.meta'], base_paths=['.'], packages_ignore=None, packages_ignore_regex=None, paths=None, packages_up_to=None, packages_up_to_regex=None, packages_above=None, packages_above_and_dependencies=None, packages_above_depth=None, packages_select_by_dep=None, packages_skip_by_dep=None, packages_skip_up_to=None, packages_select_build_failed=False, packages_skip_build_finished=False, packages_select_test_failures=False, packages_skip_test_passed=False, packages_select=None, packages_skip=None, packages_select_regex=None, packages_skip_regex=None, packages_start=None, packages_end=None, allow_overriding=[], cmake_args=None, cmake_target=None, cmake_target_skip_unavailable=False, cmake_clean_cache=False, cmake_clean_first=False, cmake_force_configure=False, ament_cmake_args=None, catkin_cmake_args=None, catkin_skip_building_tests=False, verb_parser=<colcon_defaults.argument_parser.defaults.DefaultArgumentsDecorator object at 0x7f8c39ec0ee0>, verb_extension=<colcon_core.verb.build.BuildVerb object at 0x7f8c3a81a4d0>, main=<bound method BuildVerb.main of <colcon_core.verb.build.BuildVerb object at 0x7f8c3a81a4d0>>)
[0.187s] Level 1:colcon.colcon_core.package_discovery:discover_packages(colcon_meta) check parameters
[0.187s] Level 1:colcon.colcon_core.package_discovery:discover_packages(recursive) check parameters
[0.187s] Level 1:colcon.colcon_core.package_discovery:discover_packages(ignore) check parameters
[0.187s] Level 1:colcon.colcon_core.package_discovery:discover_packages(path) check parameters
[0.187s] Level 1:colcon.colcon_core.package_discovery:discover_packages(colcon_meta) discover
[0.188s] Level 1:colcon.colcon_core.package_discovery:discover_packages(recursive) discover
[0.188s] INFO:colcon.colcon_core.package_discovery:Crawling recursively for packages in '/media/iruma/Data/AIR/ros学习记录_git/ROS-notes/ros源代码/TPC'
[0.188s] Level 1:colcon.colcon_core.package_identification:_identify(.) by extensions ['ignore', 'ignore_ament_install']
[0.188s] Level 1:colcon.colcon_core.package_identification:_identify(.) by extension 'ignore'
[0.188s] Level 1:colcon.colcon_core.package_identification:_identify(.) by extension 'ignore_ament_install'
[0.188s] Level 1:colcon.colcon_core.package_identification:_identify(.) by extensions ['colcon_pkg']
[0.188s] Level 1:colcon.colcon_core.package_identification:_identify(.) by extension 'colcon_pkg'
[0.188s] Level 1:colcon.colcon_core.package_identification:_identify(.) by extensions ['colcon_meta']
[0.188s] Level 1:colcon.colcon_core.package_identification:_identify(.) by extension 'colcon_meta'
[0.188s] Level 1:colcon.colcon_core.package_identification:_identify(.) by extensions ['ros']
[0.188s] Level 1:colcon.colcon_core.package_identification:_identify(.) by extension 'ros'
[0.202s] Level 1:colcon.colcon_core.package_identification:_identify(.) by extensions ['cmake', 'python']
[0.202s] Level 1:colcon.colcon_core.package_identification:_identify(.) by extension 'cmake'
[0.202s] Level 1:colcon.colcon_core.package_identification:_identify(.) by extension 'python'
[0.202s] Level 1:colcon.colcon_core.package_identification:_identify(.) by extensions ['python_setup_py']
[0.202s] Level 1:colcon.colcon_core.package_identification:_identify(.) by extension 'python_setup_py'
[0.202s] Level 1:colcon.colcon_core.package_identification:_identify(build) by extensions ['ignore', 'ignore_ament_install']
[0.202s] Level 1:colcon.colcon_core.package_identification:_identify(build) by extension 'ignore'
[0.203s] Level 1:colcon.colcon_core.package_identification:_identify(build) ignored
[0.203s] Level 1:colcon.colcon_core.package_identification:_identify(install) by extensions ['ignore', 'ignore_ament_install']
[0.203s] Level 1:colcon.colcon_core.package_identification:_identify(install) by extension 'ignore'
[0.203s] Level 1:colcon.colcon_core.package_identification:_identify(install) ignored
[0.203s] Level 1:colcon.colcon_core.package_identification:_identify(log) by extensions ['ignore', 'ignore_ament_install']
[0.203s] Level 1:colcon.colcon_core.package_identification:_identify(log) by extension 'ignore'
[0.203s] Level 1:colcon.colcon_core.package_identification:_identify(log) ignored
[0.204s] Level 1:colcon.colcon_core.package_identification:_identify(src) by extensions ['ignore', 'ignore_ament_install']
[0.204s] Level 1:colcon.colcon_core.package_identification:_identify(src) by extension 'ignore'
[0.204s] Level 1:colcon.colcon_core.package_identification:_identify(src) by extension 'ignore_ament_install'
[0.204s] Level 1:colcon.colcon_core.package_identification:_identify(src) by extensions ['colcon_pkg']
[0.204s] Level 1:colcon.colcon_core.package_identification:_identify(src) by extension 'colcon_pkg'
[0.204s] Level 1:colcon.colcon_core.package_identification:_identify(src) by extensions ['colcon_meta']
[0.204s] Level 1:colcon.colcon_core.package_identification:_identify(src) by extension 'colcon_meta'
[0.204s] Level 1:colcon.colcon_core.package_identification:_identify(src) by extensions ['ros']
[0.204s] Level 1:colcon.colcon_core.package_identification:_identify(src) by extension 'ros'
[0.204s] Level 1:colcon.colcon_core.package_identification:_identify(src) by extensions ['cmake', 'python']
[0.204s] Level 1:colcon.colcon_core.package_identification:_identify(src) by extension 'cmake'
[0.204s] Level 1:colcon.colcon_core.package_identification:_identify(src) by extension 'python'
[0.205s] Level 1:colcon.colcon_core.package_identification:_identify(src) by extensions ['python_setup_py']
[0.205s] Level 1:colcon.colcon_core.package_identification:_identify(src) by extension 'python_setup_py'
[0.205s] Level 1:colcon.colcon_core.package_identification:_identify(src/GUTS) by extensions ['ignore', 'ignore_ament_install']
[0.205s] Level 1:colcon.colcon_core.package_identification:_identify(src/GUTS) by extension 'ignore'
[0.205s] Level 1:colcon.colcon_core.package_identification:_identify(src/GUTS) by extension 'ignore_ament_install'
[0.205s] Level 1:colcon.colcon_core.package_identification:_identify(src/GUTS) by extensions ['colcon_pkg']
[0.205s] Level 1:colcon.colcon_core.package_identification:_identify(src/GUTS) by extension 'colcon_pkg'
[0.205s] Level 1:colcon.colcon_core.package_identification:_identify(src/GUTS) by extensions ['colcon_meta']
[0.205s] Level 1:colcon.colcon_core.package_identification:_identify(src/GUTS) by extension 'colcon_meta'
[0.205s] Level 1:colcon.colcon_core.package_identification:_identify(src/GUTS) by extensions ['ros']
[0.205s] Level 1:colcon.colcon_core.package_identification:_identify(src/GUTS) by extension 'ros'
[0.207s] DEBUG:colcon.colcon_core.package_identification:Package 'src/GUTS' with type 'ros.ament_python' and name 'GUTS'
[0.208s] Level 1:colcon.colcon_core.package_identification:_identify(src/Iruma) by extensions ['ignore', 'ignore_ament_install']
[0.208s] Level 1:colcon.colcon_core.package_identification:_identify(src/Iruma) by extension 'ignore'
[0.208s] Level 1:colcon.colcon_core.package_identification:_identify(src/Iruma) by extension 'ignore_ament_install'
[0.208s] Level 1:colcon.colcon_core.package_identification:_identify(src/Iruma) by extensions ['colcon_pkg']
[0.208s] Level 1:colcon.colcon_core.package_identification:_identify(src/Iruma) by extension 'colcon_pkg'
[0.208s] Level 1:colcon.colcon_core.package_identification:_identify(src/Iruma) by extensions ['colcon_meta']
[0.208s] Level 1:colcon.colcon_core.package_identification:_identify(src/Iruma) by extension 'colcon_meta'
[0.208s] Level 1:colcon.colcon_core.package_identification:_identify(src/Iruma) by extensions ['ros']
[0.208s] Level 1:colcon.colcon_core.package_identification:_identify(src/Iruma) by extension 'ros'
[0.209s] DEBUG:colcon.colcon_core.package_identification:Package 'src/Iruma' with type 'ros.ament_cmake' and name 'Iruma'
[0.209s] Level 1:colcon.colcon_core.package_discovery:discover_packages(recursive) using defaults
[0.209s] Level 1:colcon.colcon_core.package_discovery:discover_packages(ignore) discover
[0.209s] Level 1:colcon.colcon_core.package_discovery:discover_packages(ignore) using defaults
[0.209s] Level 1:colcon.colcon_core.package_discovery:discover_packages(path) discover
[0.209s] Level 1:colcon.colcon_core.package_discovery:discover_packages(path) using defaults
[0.227s] Level 1:colcon.colcon_core.package_discovery:discover_packages(prefix_path) check parameters
[0.227s] Level 1:colcon.colcon_core.package_discovery:discover_packages(prefix_path) discover
[0.230s] DEBUG:colcon.colcon_installed_package_information.package_discovery:Found 2 installed packages in /media/iruma/Data/AIR/ros学习记录_git/ROS-notes/ros源代码/TPC/install
[0.231s] DEBUG:colcon.colcon_installed_package_information.package_discovery:Found 270 installed packages in /opt/ros/humble
[0.232s] Level 1:colcon.colcon_core.package_discovery:discover_packages(prefix_path) using defaults
[0.265s] Level 5:colcon.colcon_core.verb:set package 'GUTS' build argument 'cmake_args' from command line to 'None'
[0.265s] Level 5:colcon.colcon_core.verb:set package 'GUTS' build argument 'cmake_target' from command line to 'None'
[0.265s] Level 5:colcon.colcon_core.verb:set package 'GUTS' build argument 'cmake_target_skip_unavailable' from command line to 'False'
[0.265s] Level 5:colcon.colcon_core.verb:set package 'GUTS' build argument 'cmake_clean_cache' from command line to 'False'
[0.265s] Level 5:colcon.colcon_core.verb:set package 'GUTS' build argument 'cmake_clean_first' from command line to 'False'
[0.265s] Level 5:colcon.colcon_core.verb:set package 'GUTS' build argument 'cmake_force_configure' from command line to 'False'
[0.265s] Level 5:colcon.colcon_core.verb:set package 'GUTS' build argument 'ament_cmake_args' from command line to 'None'
[0.265s] Level 5:colcon.colcon_core.verb:set package 'GUTS' build argument 'catkin_cmake_args' from command line to 'None'
[0.265s] Level 5:colcon.colcon_core.verb:set package 'GUTS' build argument 'catkin_skip_building_tests' from command line to 'False'
[0.265s] DEBUG:colcon.colcon_core.verb:Building package 'GUTS' with the following arguments: {'ament_cmake_args': None, 'build_base': '/media/iruma/Data/AIR/ros学习记录_git/ROS-notes/ros源代码/TPC/build/GUTS', 'catkin_cmake_args': None, 'catkin_skip_building_tests': False, 'cmake_args': None, 'cmake_clean_cache': False, 'cmake_clean_first': False, 'cmake_force_configure': False, 'cmake_target': None, 'cmake_target_skip_unavailable': False, 'install_base': '/media/iruma/Data/AIR/ros学习记录_git/ROS-notes/ros源代码/TPC/install/GUTS', 'merge_install': False, 'path': '/media/iruma/Data/AIR/ros学习记录_git/ROS-notes/ros源代码/TPC/src/GUTS', 'symlink_install': False, 'test_result_base': None}
[0.266s] Level 5:colcon.colcon_core.verb:set package 'Iruma' build argument 'cmake_args' from command line to 'None'
[0.266s] Level 5:colcon.colcon_core.verb:set package 'Iruma' build argument 'cmake_target' from command line to 'None'
[0.266s] Level 5:colcon.colcon_core.verb:set package 'Iruma' build argument 'cmake_target_skip_unavailable' from command line to 'False'
[0.266s] Level 5:colcon.colcon_core.verb:set package 'Iruma' build argument 'cmake_clean_cache' from command line to 'False'
[0.266s] Level 5:colcon.colcon_core.verb:set package 'Iruma' build argument 'cmake_clean_first' from command line to 'False'
[0.266s] Level 5:colcon.colcon_core.verb:set package 'Iruma' build argument 'cmake_force_configure' from command line to 'False'
[0.266s] Level 5:colcon.colcon_core.verb:set package 'Iruma' build argument 'ament_cmake_args' from command line to 'None'
[0.266s] Level 5:colcon.colcon_core.verb:set package 'Iruma' build argument 'catkin_cmake_args' from command line to 'None'
[0.266s] Level 5:colcon.colcon_core.verb:set package 'Iruma' build argument 'catkin_skip_building_tests' from command line to 'False'
[0.266s] DEBUG:colcon.colcon_core.verb:Building package 'Iruma' with the following arguments: {'ament_cmake_args': None, 'build_base': '/media/iruma/Data/AIR/ros学习记录_git/ROS-notes/ros源代码/TPC/build/Iruma', 'catkin_cmake_args': None, 'catkin_skip_building_tests': False, 'cmake_args': None, 'cmake_clean_cache': False, 'cmake_clean_first': False, 'cmake_force_configure': False, 'cmake_target': None, 'cmake_target_skip_unavailable': False, 'install_base': '/media/iruma/Data/AIR/ros学习记录_git/ROS-notes/ros源代码/TPC/install/Iruma', 'merge_install': False, 'path': '/media/iruma/Data/AIR/ros学习记录_git/ROS-notes/ros源代码/TPC/src/Iruma', 'symlink_install': False, 'test_result_base': None}
[0.267s] INFO:colcon.colcon_core.executor:Executing jobs using 'parallel' executor
[0.269s] DEBUG:colcon.colcon_parallel_executor.executor.parallel:run_until_complete
[0.269s] INFO:colcon.colcon_ros.task.ament_python.build:Building ROS package in '/media/iruma/Data/AIR/ros学习记录_git/ROS-notes/ros源代码/TPC/src/GUTS' with build type 'ament_python'
[0.269s] Level 1:colcon.colcon_core.shell:create_environment_hook('GUTS', 'ament_prefix_path')
[0.272s] INFO:colcon.colcon_core.plugin_system:Skipping extension 'colcon_core.shell.bat': Not used on non-Windows systems
[0.272s] INFO:colcon.colcon_core.shell:Creating environment hook '/media/iruma/Data/AIR/ros学习记录_git/ROS-notes/ros源代码/TPC/install/GUTS/share/GUTS/hook/ament_prefix_path.ps1'
[0.273s] INFO:colcon.colcon_core.shell:Creating environment descriptor '/media/iruma/Data/AIR/ros学习记录_git/ROS-notes/ros源代码/TPC/install/GUTS/share/GUTS/hook/ament_prefix_path.dsv'
[0.274s] INFO:colcon.colcon_core.shell:Creating environment hook '/media/iruma/Data/AIR/ros学习记录_git/ROS-notes/ros源代码/TPC/install/GUTS/share/GUTS/hook/ament_prefix_path.sh'
[0.276s] INFO:colcon.colcon_core.shell:Skip shell extension 'powershell' for command environment: Not usable outside of PowerShell
[0.276s] DEBUG:colcon.colcon_core.shell:Skip shell extension 'dsv' for command environment
[0.283s] INFO:colcon.colcon_ros.task.ament_cmake.build:Building ROS package in '/media/iruma/Data/AIR/ros学习记录_git/ROS-notes/ros源代码/TPC/src/Iruma' with build type 'ament_cmake'
[0.283s] INFO:colcon.colcon_cmake.task.cmake.build:Building CMake package in '/media/iruma/Data/AIR/ros学习记录_git/ROS-notes/ros源代码/TPC/src/Iruma'
[0.284s] INFO:colcon.colcon_core.shell:Skip shell extension 'powershell' for command environment: Not usable outside of PowerShell
[0.284s] DEBUG:colcon.colcon_core.shell:Skip shell extension 'dsv' for command environment
[0.437s] INFO:colcon.colcon_core.task.python.build:Building Python package in '/media/iruma/Data/AIR/ros学习记录_git/ROS-notes/ros源代码/TPC/src/GUTS'
[0.438s] INFO:colcon.colcon_core.shell:Skip shell extension 'powershell' for command environment: Not usable outside of PowerShell
[0.438s] DEBUG:colcon.colcon_core.shell:Skip shell extension 'dsv' for command environment
[0.454s] DEBUG:colcon.colcon_core.event_handler.log_command:Invoking command in '/media/iruma/Data/AIR/ros学习记录_git/ROS-notes/ros源代码/TPC/build/Iruma': CMAKE_PREFIX_PATH=${CMAKE_PREFIX_PATH}:/media/iruma/Data/AIR/ros学习记录_git/ROS-notes/ros源代码/TPC/install/GUTS:/opt/ros/humble /usr/bin/cmake --build /media/iruma/Data/AIR/ros学习记录_git/ROS-notes/ros源代码/TPC/build/Iruma -- -j16 -l16
[0.538s] DEBUG:colcon.colcon_core.event_handler.log_command:Invoked command in '/media/iruma/Data/AIR/ros学习记录_git/ROS-notes/ros源代码/TPC/build/Iruma' returned '0': CMAKE_PREFIX_PATH=${CMAKE_PREFIX_PATH}:/media/iruma/Data/AIR/ros学习记录_git/ROS-notes/ros源代码/TPC/install/GUTS:/opt/ros/humble /usr/bin/cmake --build /media/iruma/Data/AIR/ros学习记录_git/ROS-notes/ros源代码/TPC/build/Iruma -- -j16 -l16
[0.558s] DEBUG:colcon.colcon_core.event_handler.log_command:Invoking command in '/media/iruma/Data/AIR/ros学习记录_git/ROS-notes/ros源代码/TPC/build/Iruma': CMAKE_PREFIX_PATH=${CMAKE_PREFIX_PATH}:/media/iruma/Data/AIR/ros学习记录_git/ROS-notes/ros源代码/TPC/install/GUTS:/opt/ros/humble /usr/bin/cmake --install /media/iruma/Data/AIR/ros学习记录_git/ROS-notes/ros源代码/TPC/build/Iruma
[0.579s] Level 1:colcon.colcon_core.environment:create_environment_scripts_only(Iruma)
[0.580s] DEBUG:colcon.colcon_core.event_handler.log_command:Invoked command in '/media/iruma/Data/AIR/ros学习记录_git/ROS-notes/ros源代码/TPC/build/Iruma' returned '0': CMAKE_PREFIX_PATH=${CMAKE_PREFIX_PATH}:/media/iruma/Data/AIR/ros学习记录_git/ROS-notes/ros源代码/TPC/install/GUTS:/opt/ros/humble /usr/bin/cmake --install /media/iruma/Data/AIR/ros学习记录_git/ROS-notes/ros源代码/TPC/build/Iruma
[0.582s] Level 1:colcon.colcon_core.environment:checking '/media/iruma/Data/AIR/ros学习记录_git/ROS-notes/ros源代码/TPC/install/Iruma' for CMake module files
[0.585s] Level 1:colcon.colcon_core.environment:checking '/media/iruma/Data/AIR/ros学习记录_git/ROS-notes/ros源代码/TPC/install/Iruma' for CMake config files
[0.587s] Level 1:colcon.colcon_core.shell:create_environment_hook('Iruma', 'cmake_prefix_path')
[0.588s] INFO:colcon.colcon_core.shell:Creating environment hook '/media/iruma/Data/AIR/ros学习记录_git/ROS-notes/ros源代码/TPC/install/Iruma/share/Iruma/hook/cmake_prefix_path.ps1'
[0.589s] INFO:colcon.colcon_core.shell:Creating environment descriptor '/media/iruma/Data/AIR/ros学习记录_git/ROS-notes/ros源代码/TPC/install/Iruma/share/Iruma/hook/cmake_prefix_path.dsv'
[0.590s] INFO:colcon.colcon_core.shell:Creating environment hook '/media/iruma/Data/AIR/ros学习记录_git/ROS-notes/ros源代码/TPC/install/Iruma/share/Iruma/hook/cmake_prefix_path.sh'
[0.591s] Level 1:colcon.colcon_core.environment:checking '/media/iruma/Data/AIR/ros学习记录_git/ROS-notes/ros源代码/TPC/install/Iruma/lib'
[0.591s] Level 1:colcon.colcon_core.environment:checking '/media/iruma/Data/AIR/ros学习记录_git/ROS-notes/ros源代码/TPC/install/Iruma/bin'
[0.591s] Level 1:colcon.colcon_core.environment:checking '/media/iruma/Data/AIR/ros学习记录_git/ROS-notes/ros源代码/TPC/install/Iruma/lib/pkgconfig/Iruma.pc'
[0.591s] Level 1:colcon.colcon_core.environment:checking '/media/iruma/Data/AIR/ros学习记录_git/ROS-notes/ros源代码/TPC/install/Iruma/lib/python3.10/site-packages'
[0.591s] Level 1:colcon.colcon_core.environment:checking '/media/iruma/Data/AIR/ros学习记录_git/ROS-notes/ros源代码/TPC/install/Iruma/bin'
[0.592s] INFO:colcon.colcon_core.shell:Creating package script '/media/iruma/Data/AIR/ros学习记录_git/ROS-notes/ros源代码/TPC/install/Iruma/share/Iruma/package.ps1'
[0.593s] INFO:colcon.colcon_core.shell:Creating package descriptor '/media/iruma/Data/AIR/ros学习记录_git/ROS-notes/ros源代码/TPC/install/Iruma/share/Iruma/package.dsv'
[0.594s] INFO:colcon.colcon_core.shell:Creating package script '/media/iruma/Data/AIR/ros学习记录_git/ROS-notes/ros源代码/TPC/install/Iruma/share/Iruma/package.sh'
[0.596s] INFO:colcon.colcon_core.shell:Creating package script '/media/iruma/Data/AIR/ros学习记录_git/ROS-notes/ros源代码/TPC/install/Iruma/share/Iruma/package.bash'
[0.597s] INFO:colcon.colcon_core.shell:Creating package script '/media/iruma/Data/AIR/ros学习记录_git/ROS-notes/ros源代码/TPC/install/Iruma/share/Iruma/package.zsh'
[0.598s] Level 1:colcon.colcon_core.environment:create_file_with_runtime_dependencies(/media/iruma/Data/AIR/ros学习记录_git/ROS-notes/ros源代码/TPC/install/Iruma/share/colcon-core/packages/Iruma)
[0.614s] Level 1:colcon.colcon_core.environment:create_environment_scripts_only(Iruma)
[0.615s] Level 1:colcon.colcon_core.environment:checking '/media/iruma/Data/AIR/ros学习记录_git/ROS-notes/ros源代码/TPC/install/Iruma' for CMake module files
[0.618s] Level 1:colcon.colcon_core.environment:checking '/media/iruma/Data/AIR/ros学习记录_git/ROS-notes/ros源代码/TPC/install/Iruma' for CMake config files
[0.620s] Level 1:colcon.colcon_core.shell:create_environment_hook('Iruma', 'cmake_prefix_path')
[0.620s] INFO:colcon.colcon_core.shell:Creating environment hook '/media/iruma/Data/AIR/ros学习记录_git/ROS-notes/ros源代码/TPC/install/Iruma/share/Iruma/hook/cmake_prefix_path.ps1'
[0.621s] INFO:colcon.colcon_core.shell:Creating environment descriptor '/media/iruma/Data/AIR/ros学习记录_git/ROS-notes/ros源代码/TPC/install/Iruma/share/Iruma/hook/cmake_prefix_path.dsv'
[0.622s] INFO:colcon.colcon_core.shell:Creating environment hook '/media/iruma/Data/AIR/ros学习记录_git/ROS-notes/ros源代码/TPC/install/Iruma/share/Iruma/hook/cmake_prefix_path.sh'
[0.622s] Level 1:colcon.colcon_core.environment:checking '/media/iruma/Data/AIR/ros学习记录_git/ROS-notes/ros源代码/TPC/install/Iruma/lib'
[0.623s] Level 1:colcon.colcon_core.environment:checking '/media/iruma/Data/AIR/ros学习记录_git/ROS-notes/ros源代码/TPC/install/Iruma/bin'
[0.623s] Level 1:colcon.colcon_core.environment:checking '/media/iruma/Data/AIR/ros学习记录_git/ROS-notes/ros源代码/TPC/install/Iruma/lib/pkgconfig/Iruma.pc'
[0.623s] Level 1:colcon.colcon_core.environment:checking '/media/iruma/Data/AIR/ros学习记录_git/ROS-notes/ros源代码/TPC/install/Iruma/lib/python3.10/site-packages'
[0.623s] Level 1:colcon.colcon_core.environment:checking '/media/iruma/Data/AIR/ros学习记录_git/ROS-notes/ros源代码/TPC/install/Iruma/bin'
[0.624s] INFO:colcon.colcon_core.shell:Creating package script '/media/iruma/Data/AIR/ros学习记录_git/ROS-notes/ros源代码/TPC/install/Iruma/share/Iruma/package.ps1'
[0.625s] INFO:colcon.colcon_core.shell:Creating package descriptor '/media/iruma/Data/AIR/ros学习记录_git/ROS-notes/ros源代码/TPC/install/Iruma/share/Iruma/package.dsv'
[0.625s] INFO:colcon.colcon_core.shell:Creating package script '/media/iruma/Data/AIR/ros学习记录_git/ROS-notes/ros源代码/TPC/install/Iruma/share/Iruma/package.sh'
[0.626s] INFO:colcon.colcon_core.shell:Creating package script '/media/iruma/Data/AIR/ros学习记录_git/ROS-notes/ros源代码/TPC/install/Iruma/share/Iruma/package.bash'
[0.626s] INFO:colcon.colcon_core.shell:Creating package script '/media/iruma/Data/AIR/ros学习记录_git/ROS-notes/ros源代码/TPC/install/Iruma/share/Iruma/package.zsh'
[0.627s] Level 1:colcon.colcon_core.environment:create_file_with_runtime_dependencies(/media/iruma/Data/AIR/ros学习记录_git/ROS-notes/ros源代码/TPC/install/Iruma/share/colcon-core/packages/Iruma)
[0.655s] DEBUG:colcon.colcon_core.event_handler.log_command:Invoking command in '/media/iruma/Data/AIR/ros学习记录_git/ROS-notes/ros源代码/TPC/src/GUTS': PYTHONPATH=/media/iruma/Data/AIR/ros学习记录_git/ROS-notes/ros源代码/TPC/install/GUTS/lib/python3.10/site-packages:${PYTHONPATH} /usr/bin/python3 setup.py egg_info --egg-base ../../build/GUTS build --build-base /media/iruma/Data/AIR/ros学习记录_git/ROS-notes/ros源代码/TPC/build/GUTS/build install --prefix /media/iruma/Data/AIR/ros学习记录_git/ROS-notes/ros源代码/TPC/install/GUTS --record /media/iruma/Data/AIR/ros学习记录_git/ROS-notes/ros源代码/TPC/build/GUTS/install.log --single-version-externally-managed
[0.856s] Level 1:colcon.colcon_core.environment:checking '/media/iruma/Data/AIR/ros学习记录_git/ROS-notes/ros源代码/TPC/install/GUTS' for CMake module files
[0.856s] DEBUG:colcon.colcon_core.event_handler.log_command:Invoked command in '/media/iruma/Data/AIR/ros学习记录_git/ROS-notes/ros源代码/TPC/src/GUTS' returned '0': PYTHONPATH=/media/iruma/Data/AIR/ros学习记录_git/ROS-notes/ros源代码/TPC/install/GUTS/lib/python3.10/site-packages:${PYTHONPATH} /usr/bin/python3 setup.py egg_info --egg-base ../../build/GUTS build --build-base /media/iruma/Data/AIR/ros学习记录_git/ROS-notes/ros源代码/TPC/build/GUTS/build install --prefix /media/iruma/Data/AIR/ros学习记录_git/ROS-notes/ros源代码/TPC/install/GUTS --record /media/iruma/Data/AIR/ros学习记录_git/ROS-notes/ros源代码/TPC/build/GUTS/install.log --single-version-externally-managed
[0.859s] Level 1:colcon.colcon_core.environment:checking '/media/iruma/Data/AIR/ros学习记录_git/ROS-notes/ros源代码/TPC/install/GUTS' for CMake config files
[0.862s] Level 1:colcon.colcon_core.environment:checking '/media/iruma/Data/AIR/ros学习记录_git/ROS-notes/ros源代码/TPC/install/GUTS/lib'
[0.862s] Level 1:colcon.colcon_core.environment:checking '/media/iruma/Data/AIR/ros学习记录_git/ROS-notes/ros源代码/TPC/install/GUTS/bin'
[0.863s] Level 1:colcon.colcon_core.environment:checking '/media/iruma/Data/AIR/ros学习记录_git/ROS-notes/ros源代码/TPC/install/GUTS/lib/pkgconfig/GUTS.pc'
[0.863s] Level 1:colcon.colcon_core.environment:checking '/media/iruma/Data/AIR/ros学习记录_git/ROS-notes/ros源代码/TPC/install/GUTS/lib/python3.10/site-packages'
[0.863s] Level 1:colcon.colcon_core.shell:create_environment_hook('GUTS', 'pythonpath')
[0.864s] INFO:colcon.colcon_core.shell:Creating environment hook '/media/iruma/Data/AIR/ros学习记录_git/ROS-notes/ros源代码/TPC/install/GUTS/share/GUTS/hook/pythonpath.ps1'
[0.864s] INFO:colcon.colcon_core.shell:Creating environment descriptor '/media/iruma/Data/AIR/ros学习记录_git/ROS-notes/ros源代码/TPC/install/GUTS/share/GUTS/hook/pythonpath.dsv'
[0.865s] INFO:colcon.colcon_core.shell:Creating environment hook '/media/iruma/Data/AIR/ros学习记录_git/ROS-notes/ros源代码/TPC/install/GUTS/share/GUTS/hook/pythonpath.sh'
[0.866s] Level 1:colcon.colcon_core.environment:checking '/media/iruma/Data/AIR/ros学习记录_git/ROS-notes/ros源代码/TPC/install/GUTS/bin'
[0.866s] Level 1:colcon.colcon_core.environment:create_environment_scripts_only(GUTS)
[0.867s] INFO:colcon.colcon_core.shell:Creating package script '/media/iruma/Data/AIR/ros学习记录_git/ROS-notes/ros源代码/TPC/install/GUTS/share/GUTS/package.ps1'
[0.867s] INFO:colcon.colcon_core.shell:Creating package descriptor '/media/iruma/Data/AIR/ros学习记录_git/ROS-notes/ros源代码/TPC/install/GUTS/share/GUTS/package.dsv'
[0.868s] INFO:colcon.colcon_core.shell:Creating package script '/media/iruma/Data/AIR/ros学习记录_git/ROS-notes/ros源代码/TPC/install/GUTS/share/GUTS/package.sh'
[0.868s] INFO:colcon.colcon_core.shell:Creating package script '/media/iruma/Data/AIR/ros学习记录_git/ROS-notes/ros源代码/TPC/install/GUTS/share/GUTS/package.bash'
[0.869s] INFO:colcon.colcon_core.shell:Creating package script '/media/iruma/Data/AIR/ros学习记录_git/ROS-notes/ros源代码/TPC/install/GUTS/share/GUTS/package.zsh'
[0.869s] Level 1:colcon.colcon_core.environment:create_file_with_runtime_dependencies(/media/iruma/Data/AIR/ros学习记录_git/ROS-notes/ros源代码/TPC/install/GUTS/share/colcon-core/packages/GUTS)
[0.870s] DEBUG:colcon.colcon_parallel_executor.executor.parallel:closing loop
[0.870s] DEBUG:colcon.colcon_parallel_executor.executor.parallel:loop closed
[0.870s] DEBUG:colcon.colcon_parallel_executor.executor.parallel:run_until_complete finished with '0'
[0.870s] DEBUG:colcon.colcon_core.event_reactor:joining thread
[0.876s] INFO:colcon.colcon_core.plugin_system:Skipping extension 'colcon_notification.desktop_notification.terminal_notifier': Not used on non-Darwin systems
[0.876s] INFO:colcon.colcon_core.plugin_system:Skipping extension 'colcon_notification.desktop_notification.win32': Not used on non-Windows systems
[0.876s] INFO:colcon.colcon_notification.desktop_notification:Sending desktop notification using 'notify2'
[0.889s] DEBUG:colcon.colcon_core.event_reactor:joined thread
[0.890s] INFO:colcon.colcon_core.shell:Creating prefix script '/media/iruma/Data/AIR/ros学习记录_git/ROS-notes/ros源代码/TPC/install/local_setup.ps1'
[0.892s] INFO:colcon.colcon_core.shell:Creating prefix util module '/media/iruma/Data/AIR/ros学习记录_git/ROS-notes/ros源代码/TPC/install/_local_setup_util_ps1.py'
[0.893s] INFO:colcon.colcon_core.shell:Creating prefix chain script '/media/iruma/Data/AIR/ros学习记录_git/ROS-notes/ros源代码/TPC/install/setup.ps1'
[0.897s] INFO:colcon.colcon_core.shell:Creating prefix script '/media/iruma/Data/AIR/ros学习记录_git/ROS-notes/ros源代码/TPC/install/local_setup.sh'
[0.898s] INFO:colcon.colcon_core.shell:Creating prefix util module '/media/iruma/Data/AIR/ros学习记录_git/ROS-notes/ros源代码/TPC/install/_local_setup_util_sh.py'
[0.899s] INFO:colcon.colcon_core.shell:Creating prefix chain script '/media/iruma/Data/AIR/ros学习记录_git/ROS-notes/ros源代码/TPC/install/setup.sh'
[0.902s] INFO:colcon.colcon_core.shell:Creating prefix script '/media/iruma/Data/AIR/ros学习记录_git/ROS-notes/ros源代码/TPC/install/local_setup.bash'
[0.902s] INFO:colcon.colcon_core.shell:Creating prefix chain script '/media/iruma/Data/AIR/ros学习记录_git/ROS-notes/ros源代码/TPC/install/setup.bash'
[0.905s] INFO:colcon.colcon_core.shell:Creating prefix script '/media/iruma/Data/AIR/ros学习记录_git/ROS-notes/ros源代码/TPC/install/local_setup.zsh'
[0.906s] INFO:colcon.colcon_core.shell:Creating prefix chain script '/media/iruma/Data/AIR/ros学习记录_git/ROS-notes/ros源代码/TPC/install/setup.zsh'
