[0.177s] DEBUG:colcon:Command line arguments: ['/usr/bin/colcon', 'build']
[0.177s] DEBUG:colcon:Parsed command line arguments: Namespace(log_base=None, log_level=None, verb_name='build', build_base='build', install_base='install', merge_install=False, symlink_install=False, test_result_base=None, continue_on_error=False, executor='parallel', parallel_workers=16, event_handlers=None, ignore_user_meta=False, metas=['./colcon.meta'], base_paths=['.'], packages_ignore=None, packages_ignore_regex=None, paths=None, packages_up_to=None, packages_up_to_regex=None, packages_above=None, packages_above_and_dependencies=None, packages_above_depth=None, packages_select_by_dep=None, packages_skip_by_dep=None, packages_skip_up_to=None, packages_select_build_failed=False, packages_skip_build_finished=False, packages_select_test_failures=False, packages_skip_test_passed=False, packages_select=None, packages_skip=None, packages_select_regex=None, packages_skip_regex=None, packages_start=None, packages_end=None, allow_overriding=[], cmake_args=None, cmake_target=None, cmake_target_skip_unavailable=False, cmake_clean_cache=False, cmake_clean_first=False, cmake_force_configure=False, ament_cmake_args=None, catkin_cmake_args=None, catkin_skip_building_tests=False, verb_parser=<colcon_defaults.argument_parser.defaults.DefaultArgumentsDecorator object at 0x7f1121984310>, verb_extension=<colcon_core.verb.build.BuildVerb object at 0x7f11222cd6f0>, main=<bound method BuildVerb.main of <colcon_core.verb.build.BuildVerb object at 0x7f11222cd6f0>>)
[0.198s] Level 1:colcon.colcon_core.package_discovery:discover_packages(colcon_meta) check parameters
[0.198s] Level 1:colcon.colcon_core.package_discovery:discover_packages(recursive) check parameters
[0.198s] Level 1:colcon.colcon_core.package_discovery:discover_packages(ignore) check parameters
[0.198s] Level 1:colcon.colcon_core.package_discovery:discover_packages(path) check parameters
[0.198s] Level 1:colcon.colcon_core.package_discovery:discover_packages(colcon_meta) discover
[0.198s] Level 1:colcon.colcon_core.package_discovery:discover_packages(recursive) discover
[0.198s] INFO:colcon.colcon_core.package_discovery:Crawling recursively for packages in '/home/iruma/Desktop/helloROS_ws_oop'
[0.198s] Level 1:colcon.colcon_core.package_identification:_identify(.) by extensions ['ignore', 'ignore_ament_install']
[0.199s] Level 1:colcon.colcon_core.package_identification:_identify(.) by extension 'ignore'
[0.199s] Level 1:colcon.colcon_core.package_identification:_identify(.) by extension 'ignore_ament_install'
[0.199s] Level 1:colcon.colcon_core.package_identification:_identify(.) by extensions ['colcon_pkg']
[0.199s] Level 1:colcon.colcon_core.package_identification:_identify(.) by extension 'colcon_pkg'
[0.199s] Level 1:colcon.colcon_core.package_identification:_identify(.) by extensions ['colcon_meta']
[0.199s] Level 1:colcon.colcon_core.package_identification:_identify(.) by extension 'colcon_meta'
[0.199s] Level 1:colcon.colcon_core.package_identification:_identify(.) by extensions ['ros']
[0.199s] Level 1:colcon.colcon_core.package_identification:_identify(.) by extension 'ros'
[0.214s] Level 1:colcon.colcon_core.package_identification:_identify(.) by extensions ['cmake', 'python']
[0.215s] Level 1:colcon.colcon_core.package_identification:_identify(.) by extension 'cmake'
[0.215s] Level 1:colcon.colcon_core.package_identification:_identify(.) by extension 'python'
[0.215s] Level 1:colcon.colcon_core.package_identification:_identify(.) by extensions ['python_setup_py']
[0.215s] Level 1:colcon.colcon_core.package_identification:_identify(.) by extension 'python_setup_py'
[0.215s] Level 1:colcon.colcon_core.package_identification:_identify(build) by extensions ['ignore', 'ignore_ament_install']
[0.215s] Level 1:colcon.colcon_core.package_identification:_identify(build) by extension 'ignore'
[0.215s] Level 1:colcon.colcon_core.package_identification:_identify(build) ignored
[0.215s] Level 1:colcon.colcon_core.package_identification:_identify(install) by extensions ['ignore', 'ignore_ament_install']
[0.215s] Level 1:colcon.colcon_core.package_identification:_identify(install) by extension 'ignore'
[0.215s] Level 1:colcon.colcon_core.package_identification:_identify(install) ignored
[0.215s] Level 1:colcon.colcon_core.package_identification:_identify(log) by extensions ['ignore', 'ignore_ament_install']
[0.215s] Level 1:colcon.colcon_core.package_identification:_identify(log) by extension 'ignore'
[0.215s] Level 1:colcon.colcon_core.package_identification:_identify(log) ignored
[0.215s] Level 1:colcon.colcon_core.package_identification:_identify(src) by extensions ['ignore', 'ignore_ament_install']
[0.215s] Level 1:colcon.colcon_core.package_identification:_identify(src) by extension 'ignore'
[0.215s] Level 1:colcon.colcon_core.package_identification:_identify(src) by extension 'ignore_ament_install'
[0.215s] Level 1:colcon.colcon_core.package_identification:_identify(src) by extensions ['colcon_pkg']
[0.215s] Level 1:colcon.colcon_core.package_identification:_identify(src) by extension 'colcon_pkg'
[0.215s] Level 1:colcon.colcon_core.package_identification:_identify(src) by extensions ['colcon_meta']
[0.215s] Level 1:colcon.colcon_core.package_identification:_identify(src) by extension 'colcon_meta'
[0.215s] Level 1:colcon.colcon_core.package_identification:_identify(src) by extensions ['ros']
[0.215s] Level 1:colcon.colcon_core.package_identification:_identify(src) by extension 'ros'
[0.215s] Level 1:colcon.colcon_core.package_identification:_identify(src) by extensions ['cmake', 'python']
[0.215s] Level 1:colcon.colcon_core.package_identification:_identify(src) by extension 'cmake'
[0.215s] Level 1:colcon.colcon_core.package_identification:_identify(src) by extension 'python'
[0.215s] Level 1:colcon.colcon_core.package_identification:_identify(src) by extensions ['python_setup_py']
[0.216s] Level 1:colcon.colcon_core.package_identification:_identify(src) by extension 'python_setup_py'
[0.216s] Level 1:colcon.colcon_core.package_identification:_identify(src/helloros) by extensions ['ignore', 'ignore_ament_install']
[0.216s] Level 1:colcon.colcon_core.package_identification:_identify(src/helloros) by extension 'ignore'
[0.216s] Level 1:colcon.colcon_core.package_identification:_identify(src/helloros) by extension 'ignore_ament_install'
[0.216s] Level 1:colcon.colcon_core.package_identification:_identify(src/helloros) by extensions ['colcon_pkg']
[0.216s] Level 1:colcon.colcon_core.package_identification:_identify(src/helloros) by extension 'colcon_pkg'
[0.216s] Level 1:colcon.colcon_core.package_identification:_identify(src/helloros) by extensions ['colcon_meta']
[0.216s] Level 1:colcon.colcon_core.package_identification:_identify(src/helloros) by extension 'colcon_meta'
[0.216s] Level 1:colcon.colcon_core.package_identification:_identify(src/helloros) by extensions ['ros']
[0.216s] Level 1:colcon.colcon_core.package_identification:_identify(src/helloros) by extension 'ros'
[0.218s] DEBUG:colcon.colcon_core.package_identification:Package 'src/helloros' with type 'ros.ament_python' and name 'helloros'
[0.218s] Level 1:colcon.colcon_core.package_discovery:discover_packages(recursive) using defaults
[0.218s] Level 1:colcon.colcon_core.package_discovery:discover_packages(ignore) discover
[0.218s] Level 1:colcon.colcon_core.package_discovery:discover_packages(ignore) using defaults
[0.218s] Level 1:colcon.colcon_core.package_discovery:discover_packages(path) discover
[0.218s] Level 1:colcon.colcon_core.package_discovery:discover_packages(path) using defaults
[0.235s] Level 1:colcon.colcon_core.package_discovery:discover_packages(prefix_path) check parameters
[0.235s] Level 1:colcon.colcon_core.package_discovery:discover_packages(prefix_path) discover
[0.237s] DEBUG:colcon.colcon_installed_package_information.package_discovery:Found 270 installed packages in /opt/ros/humble
[0.238s] Level 1:colcon.colcon_core.package_discovery:discover_packages(prefix_path) using defaults
[0.270s] Level 5:colcon.colcon_core.verb:set package 'helloros' build argument 'cmake_args' from command line to 'None'
[0.270s] Level 5:colcon.colcon_core.verb:set package 'helloros' build argument 'cmake_target' from command line to 'None'
[0.270s] Level 5:colcon.colcon_core.verb:set package 'helloros' build argument 'cmake_target_skip_unavailable' from command line to 'False'
[0.270s] Level 5:colcon.colcon_core.verb:set package 'helloros' build argument 'cmake_clean_cache' from command line to 'False'
[0.270s] Level 5:colcon.colcon_core.verb:set package 'helloros' build argument 'cmake_clean_first' from command line to 'False'
[0.270s] Level 5:colcon.colcon_core.verb:set package 'helloros' build argument 'cmake_force_configure' from command line to 'False'
[0.270s] Level 5:colcon.colcon_core.verb:set package 'helloros' build argument 'ament_cmake_args' from command line to 'None'
[0.270s] Level 5:colcon.colcon_core.verb:set package 'helloros' build argument 'catkin_cmake_args' from command line to 'None'
[0.270s] Level 5:colcon.colcon_core.verb:set package 'helloros' build argument 'catkin_skip_building_tests' from command line to 'False'
[0.270s] DEBUG:colcon.colcon_core.verb:Building package 'helloros' with the following arguments: {'ament_cmake_args': None, 'build_base': '/home/iruma/Desktop/helloROS_ws_oop/build/helloros', 'catkin_cmake_args': None, 'catkin_skip_building_tests': False, 'cmake_args': None, 'cmake_clean_cache': False, 'cmake_clean_first': False, 'cmake_force_configure': False, 'cmake_target': None, 'cmake_target_skip_unavailable': False, 'install_base': '/home/iruma/Desktop/helloROS_ws_oop/install/helloros', 'merge_install': False, 'path': '/home/iruma/Desktop/helloROS_ws_oop/src/helloros', 'symlink_install': False, 'test_result_base': None}
[0.271s] INFO:colcon.colcon_core.executor:Executing jobs using 'parallel' executor
[0.273s] DEBUG:colcon.colcon_parallel_executor.executor.parallel:run_until_complete
[0.273s] INFO:colcon.colcon_ros.task.ament_python.build:Building ROS package in '/home/iruma/Desktop/helloROS_ws_oop/src/helloros' with build type 'ament_python'
[0.273s] Level 1:colcon.colcon_core.shell:create_environment_hook('helloros', 'ament_prefix_path')
[0.277s] INFO:colcon.colcon_core.plugin_system:Skipping extension 'colcon_core.shell.bat': Not used on non-Windows systems
[0.277s] INFO:colcon.colcon_core.shell:Creating environment hook '/home/iruma/Desktop/helloROS_ws_oop/install/helloros/share/helloros/hook/ament_prefix_path.ps1'
[0.278s] INFO:colcon.colcon_core.shell:Creating environment descriptor '/home/iruma/Desktop/helloROS_ws_oop/install/helloros/share/helloros/hook/ament_prefix_path.dsv'
[0.278s] INFO:colcon.colcon_core.shell:Creating environment hook '/home/iruma/Desktop/helloROS_ws_oop/install/helloros/share/helloros/hook/ament_prefix_path.sh'
[0.280s] INFO:colcon.colcon_core.shell:Skip shell extension 'powershell' for command environment: Not usable outside of PowerShell
[0.280s] DEBUG:colcon.colcon_core.shell:Skip shell extension 'dsv' for command environment
[0.417s] INFO:colcon.colcon_core.task.python.build:Building Python package in '/home/iruma/Desktop/helloROS_ws_oop/src/helloros'
[0.418s] INFO:colcon.colcon_core.shell:Skip shell extension 'powershell' for command environment: Not usable outside of PowerShell
[0.418s] DEBUG:colcon.colcon_core.shell:Skip shell extension 'dsv' for command environment
[0.605s] DEBUG:colcon.colcon_core.event_handler.log_command:Invoking command in '/home/iruma/Desktop/helloROS_ws_oop/src/helloros': PYTHONPATH=/home/iruma/Desktop/helloROS_ws_oop/install/helloros/lib/python3.10/site-packages:${PYTHONPATH} /usr/bin/python3 setup.py egg_info --egg-base ../../build/helloros build --build-base /home/iruma/Desktop/helloROS_ws_oop/build/helloros/build install --prefix /home/iruma/Desktop/helloROS_ws_oop/install/helloros --record /home/iruma/Desktop/helloROS_ws_oop/build/helloros/install.log --single-version-externally-managed
[0.766s] DEBUG:colcon.colcon_core.event_handler.log_command:Invoked command in '/home/iruma/Desktop/helloROS_ws_oop/src/helloros' returned '0': PYTHONPATH=/home/iruma/Desktop/helloROS_ws_oop/install/helloros/lib/python3.10/site-packages:${PYTHONPATH} /usr/bin/python3 setup.py egg_info --egg-base ../../build/helloros build --build-base /home/iruma/Desktop/helloROS_ws_oop/build/helloros/build install --prefix /home/iruma/Desktop/helloROS_ws_oop/install/helloros --record /home/iruma/Desktop/helloROS_ws_oop/build/helloros/install.log --single-version-externally-managed
[0.769s] Level 1:colcon.colcon_core.environment:checking '/home/iruma/Desktop/helloROS_ws_oop/install/helloros' for CMake module files
[0.769s] Level 1:colcon.colcon_core.environment:checking '/home/iruma/Desktop/helloROS_ws_oop/install/helloros' for CMake config files
[0.770s] Level 1:colcon.colcon_core.environment:checking '/home/iruma/Desktop/helloROS_ws_oop/install/helloros/lib'
[0.770s] Level 1:colcon.colcon_core.environment:checking '/home/iruma/Desktop/helloROS_ws_oop/install/helloros/bin'
[0.770s] Level 1:colcon.colcon_core.environment:checking '/home/iruma/Desktop/helloROS_ws_oop/install/helloros/lib/pkgconfig/helloros.pc'
[0.770s] Level 1:colcon.colcon_core.environment:checking '/home/iruma/Desktop/helloROS_ws_oop/install/helloros/lib/python3.10/site-packages'
[0.770s] Level 1:colcon.colcon_core.shell:create_environment_hook('helloros', 'pythonpath')
[0.771s] INFO:colcon.colcon_core.shell:Creating environment hook '/home/iruma/Desktop/helloROS_ws_oop/install/helloros/share/helloros/hook/pythonpath.ps1'
[0.771s] INFO:colcon.colcon_core.shell:Creating environment descriptor '/home/iruma/Desktop/helloROS_ws_oop/install/helloros/share/helloros/hook/pythonpath.dsv'
[0.772s] INFO:colcon.colcon_core.shell:Creating environment hook '/home/iruma/Desktop/helloROS_ws_oop/install/helloros/share/helloros/hook/pythonpath.sh'
[0.772s] Level 1:colcon.colcon_core.environment:checking '/home/iruma/Desktop/helloROS_ws_oop/install/helloros/bin'
[0.772s] Level 1:colcon.colcon_core.environment:create_environment_scripts_only(helloros)
[0.773s] INFO:colcon.colcon_core.shell:Creating package script '/home/iruma/Desktop/helloROS_ws_oop/install/helloros/share/helloros/package.ps1'
[0.773s] INFO:colcon.colcon_core.shell:Creating package descriptor '/home/iruma/Desktop/helloROS_ws_oop/install/helloros/share/helloros/package.dsv'
[0.774s] INFO:colcon.colcon_core.shell:Creating package script '/home/iruma/Desktop/helloROS_ws_oop/install/helloros/share/helloros/package.sh'
[0.774s] INFO:colcon.colcon_core.shell:Creating package script '/home/iruma/Desktop/helloROS_ws_oop/install/helloros/share/helloros/package.bash'
[0.775s] INFO:colcon.colcon_core.shell:Creating package script '/home/iruma/Desktop/helloROS_ws_oop/install/helloros/share/helloros/package.zsh'
[0.775s] Level 1:colcon.colcon_core.environment:create_file_with_runtime_dependencies(/home/iruma/Desktop/helloROS_ws_oop/install/helloros/share/colcon-core/packages/helloros)
[0.775s] DEBUG:colcon.colcon_parallel_executor.executor.parallel:closing loop
[0.776s] DEBUG:colcon.colcon_parallel_executor.executor.parallel:loop closed
[0.776s] DEBUG:colcon.colcon_parallel_executor.executor.parallel:run_until_complete finished with '0'
[0.776s] DEBUG:colcon.colcon_core.event_reactor:joining thread
[0.780s] INFO:colcon.colcon_core.plugin_system:Skipping extension 'colcon_notification.desktop_notification.terminal_notifier': Not used on non-Darwin systems
[0.780s] INFO:colcon.colcon_core.plugin_system:Skipping extension 'colcon_notification.desktop_notification.win32': Not used on non-Windows systems
[0.780s] INFO:colcon.colcon_notification.desktop_notification:Sending desktop notification using 'notify2'
[0.796s] DEBUG:colcon.colcon_core.event_reactor:joined thread
[0.797s] INFO:colcon.colcon_core.shell:Creating prefix script '/home/iruma/Desktop/helloROS_ws_oop/install/local_setup.ps1'
[0.798s] INFO:colcon.colcon_core.shell:Creating prefix util module '/home/iruma/Desktop/helloROS_ws_oop/install/_local_setup_util_ps1.py'
[0.800s] INFO:colcon.colcon_core.shell:Creating prefix chain script '/home/iruma/Desktop/helloROS_ws_oop/install/setup.ps1'
[0.801s] INFO:colcon.colcon_core.shell:Creating prefix script '/home/iruma/Desktop/helloROS_ws_oop/install/local_setup.sh'
[0.802s] INFO:colcon.colcon_core.shell:Creating prefix util module '/home/iruma/Desktop/helloROS_ws_oop/install/_local_setup_util_sh.py'
[0.802s] INFO:colcon.colcon_core.shell:Creating prefix chain script '/home/iruma/Desktop/helloROS_ws_oop/install/setup.sh'
[0.803s] INFO:colcon.colcon_core.shell:Creating prefix script '/home/iruma/Desktop/helloROS_ws_oop/install/local_setup.bash'
[0.803s] INFO:colcon.colcon_core.shell:Creating prefix chain script '/home/iruma/Desktop/helloROS_ws_oop/install/setup.bash'
[0.804s] INFO:colcon.colcon_core.shell:Creating prefix script '/home/iruma/Desktop/helloROS_ws_oop/install/local_setup.zsh'
[0.804s] INFO:colcon.colcon_core.shell:Creating prefix chain script '/home/iruma/Desktop/helloROS_ws_oop/install/setup.zsh'
