[0.364s] Invoking command in '/media/iruma/Data/AIR/ros学习记录_git/ROS-notes/ros源代码/TPC/src/GUTS': PYTHONPATH=/media/iruma/Data/AIR/ros学习记录_git/ROS-notes/ros源代码/TPC/install/GUTS/lib/python3.10/site-packages:${PYTHONPATH} /usr/bin/python3 setup.py egg_info --egg-base ../../build/GUTS build --build-base /media/iruma/Data/AIR/ros学习记录_git/ROS-notes/ros源代码/TPC/build/GUTS/build install --prefix /media/iruma/Data/AIR/ros学习记录_git/ROS-notes/ros源代码/TPC/install/GUTS --record /media/iruma/Data/AIR/ros学习记录_git/ROS-notes/ros源代码/TPC/build/GUTS/install.log --single-version-externally-managed
[0.501s] running egg_info
[0.501s] writing ../../build/GUTS/GUTS.egg-info/PKG-INFO
[0.501s] writing dependency_links to ../../build/GUTS/GUTS.egg-info/dependency_links.txt
[0.502s] writing entry points to ../../build/GUTS/GUTS.egg-info/entry_points.txt
[0.502s] writing requirements to ../../build/GUTS/GUTS.egg-info/requires.txt
[0.502s] writing top-level names to ../../build/GUTS/GUTS.egg-info/top_level.txt
[0.504s] reading manifest file '../../build/GUTS/GUTS.egg-info/SOURCES.txt'
[0.506s] writing manifest file '../../build/GUTS/GUTS.egg-info/SOURCES.txt'
[0.506s] running build
[0.506s] running build_py
[0.506s] copying GUTS/GUTS.py -> /media/iruma/Data/AIR/ros学习记录_git/ROS-notes/ros源代码/TPC/build/GUTS/build/lib/GUTS
[0.507s] running install
[0.507s] /usr/lib/python3/dist-packages/setuptools/command/install.py:34: SetuptoolsDeprecationWarning: setup.py install is deprecated. Use build and pip and other standards-based tools.
[0.507s]   warnings.warn(
[0.507s] running install_lib
[0.509s] copying /media/iruma/Data/AIR/ros学习记录_git/ROS-notes/ros源代码/TPC/build/GUTS/build/lib/GUTS/GUTS.py -> /media/iruma/Data/AIR/ros学习记录_git/ROS-notes/ros源代码/TPC/install/GUTS/lib/python3.10/site-packages/GUTS
[0.510s] byte-compiling /media/iruma/Data/AIR/ros学习记录_git/ROS-notes/ros源代码/TPC/install/GUTS/lib/python3.10/site-packages/GUTS/GUTS.py to GUTS.cpython-310.pyc
[0.511s] running install_data
[0.512s] running install_egg_info
[0.513s] removing '/media/iruma/Data/AIR/ros学习记录_git/ROS-notes/ros源代码/TPC/install/GUTS/lib/python3.10/site-packages/GUTS-0.0.0-py3.10.egg-info' (and everything under it)
[0.514s] Copying ../../build/GUTS/GUTS.egg-info to /media/iruma/Data/AIR/ros学习记录_git/ROS-notes/ros源代码/TPC/install/GUTS/lib/python3.10/site-packages/GUTS-0.0.0-py3.10.egg-info
[0.520s] running install_scripts
[0.535s] Installing GUTSNode script to /media/iruma/Data/AIR/ros学习记录_git/ROS-notes/ros源代码/TPC/install/GUTS/lib/GUTS
[0.535s] writing list of installed files to '/media/iruma/Data/AIR/ros学习记录_git/ROS-notes/ros源代码/TPC/build/GUTS/install.log'
[0.551s] Invoked command in '/media/iruma/Data/AIR/ros学习记录_git/ROS-notes/ros源代码/TPC/src/GUTS' returned '0': PYTHONPATH=/media/iruma/Data/AIR/ros学习记录_git/ROS-notes/ros源代码/TPC/install/GUTS/lib/python3.10/site-packages:${PYTHONPATH} /usr/bin/python3 setup.py egg_info --egg-base ../../build/GUTS build --build-base /media/iruma/Data/AIR/ros学习记录_git/ROS-notes/ros源代码/TPC/build/GUTS/build install --prefix /media/iruma/Data/AIR/ros学习记录_git/ROS-notes/ros源代码/TPC/install/GUTS --record /media/iruma/Data/AIR/ros学习记录_git/ROS-notes/ros源代码/TPC/build/GUTS/install.log --single-version-externally-managed
