[0.010s] Invoking command in '/home/iruma/Desktop/Iruma/build/Iruma_Megumi': CMAKE_PREFIX_PATH=/opt/ros/humble /usr/bin/cmake /home/iruma/Desktop/Iruma/src/Iruma_Megumi -DCMAKE_INSTALL_PREFIX=/home/iruma/Desktop/Iruma/install/Iruma_Megumi
[0.078s] -- The C compiler identification is GNU 11.3.0
[0.143s] -- The CXX compiler identification is GNU 11.3.0
[0.149s] -- Detecting C compiler ABI info
[0.202s] -- Detecting C compiler ABI info - done
[0.206s] -- Check for working C compiler: /usr/bin/cc - skipped
[0.207s] -- Detecting C compile features
[0.207s] -- Detecting C compile features - done
[0.209s] -- Detecting CXX compiler ABI info
[0.259s] -- Detecting CXX compiler ABI info - done
[0.263s] -- Check for working CXX compiler: /usr/bin/c++ - skipped
[0.264s] -- Detecting CXX compile features
[0.264s] -- Detecting CXX compile features - done
[0.266s] -- Found ament_cmake: 1.3.2 (/opt/ros/humble/share/ament_cmake/cmake)
[0.383s] -- Found Python3: /usr/bin/python3.10 (found version "3.10.6") found components: Interpreter 
[0.447s] -- Found rclcpp: 16.0.1 (/opt/ros/humble/share/rclcpp/cmake)
[0.481s] -- Found rosidl_generator_c: 3.1.3 (/opt/ros/humble/share/rosidl_generator_c/cmake)
[0.484s] -- Found rosidl_adapter: 3.1.3 (/opt/ros/humble/share/rosidl_adapter/cmake)
[0.491s] -- Found rosidl_generator_cpp: 3.1.3 (/opt/ros/humble/share/rosidl_generator_cpp/cmake)
[0.501s] -- Using all available rosidl_typesupport_c: rosidl_typesupport_fastrtps_c;rosidl_typesupport_introspection_c
[0.515s] -- Using all available rosidl_typesupport_cpp: rosidl_typesupport_fastrtps_cpp;rosidl_typesupport_introspection_cpp
[0.565s] -- Found rmw_implementation_cmake: 6.1.0 (/opt/ros/humble/share/rmw_implementation_cmake/cmake)
[0.567s] -- Found rmw_fastrtps_cpp: 6.2.1 (/opt/ros/humble/share/rmw_fastrtps_cpp/cmake)
[0.643s] -- Found OpenSSL: /usr/lib/x86_64-linux-gnu/libcrypto.so (found version "3.0.2")  
[0.659s] -- Found FastRTPS: /opt/ros/humble/include  
[0.686s] -- Using RMW implementation 'rmw_fastrtps_cpp' as default
[0.793s] -- Found ament_lint_auto: 0.12.4 (/opt/ros/humble/share/ament_lint_auto/cmake)
[0.827s] WARNING: Package name "Iruma_Megumi" does not follow the naming conventions. It should start with a lower case letter and only contain lower case letters, digits, underscores, and dashes.
[0.844s] -- Added test 'cppcheck' to perform static code analysis on C / C++ code
[0.844s] -- Configured cppcheck include dirs: 
[0.844s] -- Configured cppcheck exclude dirs and/or files: 
[0.844s] -- Added test 'lint_cmake' to check CMake code style
[0.845s] -- Added test 'uncrustify' to check C / C++ code style
[0.845s] -- Configured uncrustify additional arguments: 
[0.845s] -- Added test 'xmllint' to check XML markup files
[0.847s] -- Configuring done
[0.852s] -- Generating done
[0.852s] -- Build files have been written to: /home/iruma/Desktop/Iruma/build/Iruma_Megumi
[0.858s] Invoked command in '/home/iruma/Desktop/Iruma/build/Iruma_Megumi' returned '0': CMAKE_PREFIX_PATH=/opt/ros/humble /usr/bin/cmake /home/iruma/Desktop/Iruma/src/Iruma_Megumi -DCMAKE_INSTALL_PREFIX=/home/iruma/Desktop/Iruma/install/Iruma_Megumi
[0.860s] Invoking command in '/home/iruma/Desktop/Iruma/build/Iruma_Megumi': CMAKE_PREFIX_PATH=/opt/ros/humble /usr/bin/cmake --build /home/iruma/Desktop/Iruma/build/Iruma_Megumi -- -j16 -l16
[0.888s] [ 50%] [32mBuilding CXX object CMakeFiles/Iruma_node.dir/src/Iruma.cpp.o[0m
[2.706s] [100%] [32m[1mLinking CXX executable Iruma_node[0m
[2.791s] [100%] Built target Iruma_node
[2.799s] Invoked command in '/home/iruma/Desktop/Iruma/build/Iruma_Megumi' returned '0': CMAKE_PREFIX_PATH=/opt/ros/humble /usr/bin/cmake --build /home/iruma/Desktop/Iruma/build/Iruma_Megumi -- -j16 -l16
[2.818s] Invoking command in '/home/iruma/Desktop/Iruma/build/Iruma_Megumi': CMAKE_PREFIX_PATH=/opt/ros/humble /usr/bin/cmake --install /home/iruma/Desktop/Iruma/build/Iruma_Megumi
[2.825s] -- Install configuration: ""
[2.826s] -- Installing: /home/iruma/Desktop/Iruma/install/Iruma_Megumi/share/ament_index/resource_index/package_run_dependencies/Iruma_Megumi
[2.826s] -- Installing: /home/iruma/Desktop/Iruma/install/Iruma_Megumi/share/ament_index/resource_index/parent_prefix_path/Iruma_Megumi
[2.826s] -- Installing: /home/iruma/Desktop/Iruma/install/Iruma_Megumi/share/Iruma_Megumi/environment/ament_prefix_path.sh
[2.827s] -- Installing: /home/iruma/Desktop/Iruma/install/Iruma_Megumi/share/Iruma_Megumi/environment/ament_prefix_path.dsv
[2.827s] -- Installing: /home/iruma/Desktop/Iruma/install/Iruma_Megumi/share/Iruma_Megumi/environment/path.sh
[2.827s] -- Installing: /home/iruma/Desktop/Iruma/install/Iruma_Megumi/share/Iruma_Megumi/environment/path.dsv
[2.827s] -- Installing: /home/iruma/Desktop/Iruma/install/Iruma_Megumi/share/Iruma_Megumi/local_setup.bash
[2.827s] -- Installing: /home/iruma/Desktop/Iruma/install/Iruma_Megumi/share/Iruma_Megumi/local_setup.sh
[2.827s] -- Installing: /home/iruma/Desktop/Iruma/install/Iruma_Megumi/share/Iruma_Megumi/local_setup.zsh
[2.827s] -- Installing: /home/iruma/Desktop/Iruma/install/Iruma_Megumi/share/Iruma_Megumi/local_setup.dsv
[2.827s] -- Installing: /home/iruma/Desktop/Iruma/install/Iruma_Megumi/share/Iruma_Megumi/package.dsv
[2.827s] -- Installing: /home/iruma/Desktop/Iruma/install/Iruma_Megumi/share/ament_index/resource_index/packages/Iruma_Megumi
[2.827s] -- Installing: /home/iruma/Desktop/Iruma/install/Iruma_Megumi/share/Iruma_Megumi/cmake/Iruma_MegumiConfig.cmake
[2.827s] -- Installing: /home/iruma/Desktop/Iruma/install/Iruma_Megumi/share/Iruma_Megumi/cmake/Iruma_MegumiConfig-version.cmake
[2.827s] -- Installing: /home/iruma/Desktop/Iruma/install/Iruma_Megumi/share/Iruma_Megumi/package.xml
[2.827s] -- Installing: /home/iruma/Desktop/Iruma/install/Iruma_Megumi/lib/Iruma_Megumi/Iruma_node
[2.827s] -- Set runtime path of "/home/iruma/Desktop/Iruma/install/Iruma_Megumi/lib/Iruma_Megumi/Iruma_node" to ""
[2.829s] Invoked command in '/home/iruma/Desktop/Iruma/build/Iruma_Megumi' returned '0': CMAKE_PREFIX_PATH=/opt/ros/humble /usr/bin/cmake --install /home/iruma/Desktop/Iruma/build/Iruma_Megumi
