running egg_info
creating ../../build/GUTS/GUTS.egg-info
writing ../../build/GUTS/GUTS.egg-info/PKG-INFO
writing dependency_links to ../../build/GUTS/GUTS.egg-info/dependency_links.txt
writing entry points to ../../build/GUTS/GUTS.egg-info/entry_points.txt
writing requirements to ../../build/GUTS/GUTS.egg-info/requires.txt
writing top-level names to ../../build/GUTS/GUTS.egg-info/top_level.txt
writing manifest file '../../build/GUTS/GUTS.egg-info/SOURCES.txt'
reading manifest file '../../build/GUTS/GUTS.egg-info/SOURCES.txt'
writing manifest file '../../build/GUTS/GUTS.egg-info/SOURCES.txt'
running build
running build_py
creating /media/iruma/Data/AIR/ros学习记录_git/ROS-notes/ros源代码/TPC/build/GUTS/build
creating /media/iruma/Data/AIR/ros学习记录_git/ROS-notes/ros源代码/TPC/build/GUTS/build/lib
creating /media/iruma/Data/AIR/ros学习记录_git/ROS-notes/ros源代码/TPC/build/GUTS/build/lib/GUTS
copying GUTS/GUTS.py -> /media/iruma/Data/AIR/ros学习记录_git/ROS-notes/ros源代码/TPC/build/GUTS/build/lib/GUTS
copying GUTS/__init__.py -> /media/iruma/Data/AIR/ros学习记录_git/ROS-notes/ros源代码/TPC/build/GUTS/build/lib/GUTS
running install
running install_lib
creating /media/iruma/Data/AIR/ros学习记录_git/ROS-notes/ros源代码/TPC/install/GUTS/lib/python3.10/site-packages/GUTS
copying /media/iruma/Data/AIR/ros学习记录_git/ROS-notes/ros源代码/TPC/build/GUTS/build/lib/GUTS/GUTS.py -> /media/iruma/Data/AIR/ros学习记录_git/ROS-notes/ros源代码/TPC/install/GUTS/lib/python3.10/site-packages/GUTS
copying /media/iruma/Data/AIR/ros学习记录_git/ROS-notes/ros源代码/TPC/build/GUTS/build/lib/GUTS/__init__.py -> /media/iruma/Data/AIR/ros学习记录_git/ROS-notes/ros源代码/TPC/install/GUTS/lib/python3.10/site-packages/GUTS
byte-compiling /media/iruma/Data/AIR/ros学习记录_git/ROS-notes/ros源代码/TPC/install/GUTS/lib/python3.10/site-packages/GUTS/GUTS.py to GUTS.cpython-310.pyc
byte-compiling /media/iruma/Data/AIR/ros学习记录_git/ROS-notes/ros源代码/TPC/install/GUTS/lib/python3.10/site-packages/GUTS/__init__.py to __init__.cpython-310.pyc
running install_data
creating /media/iruma/Data/AIR/ros学习记录_git/ROS-notes/ros源代码/TPC/install/GUTS/share/ament_index
creating /media/iruma/Data/AIR/ros学习记录_git/ROS-notes/ros源代码/TPC/install/GUTS/share/ament_index/resource_index
creating /media/iruma/Data/AIR/ros学习记录_git/ROS-notes/ros源代码/TPC/install/GUTS/share/ament_index/resource_index/packages
copying resource/GUTS -> /media/iruma/Data/AIR/ros学习记录_git/ROS-notes/ros源代码/TPC/install/GUTS/share/ament_index/resource_index/packages
copying package.xml -> /media/iruma/Data/AIR/ros学习记录_git/ROS-notes/ros源代码/TPC/install/GUTS/share/GUTS
running install_egg_info
Copying ../../build/GUTS/GUTS.egg-info to /media/iruma/Data/AIR/ros学习记录_git/ROS-notes/ros源代码/TPC/install/GUTS/lib/python3.10/site-packages/GUTS-0.0.0-py3.10.egg-info
running install_scripts
Installing GUTS script to /media/iruma/Data/AIR/ros学习记录_git/ROS-notes/ros源代码/TPC/install/GUTS/lib/GUTS
writing list of installed files to '/media/iruma/Data/AIR/ros学习记录_git/ROS-notes/ros源代码/TPC/build/GUTS/install.log'
