[0.363s] Invoking command in '/media/iruma/Data/AIR/ros学习记录_git/ROS-notes/ros源代码/TPC/src/GUTS': PYTHONPATH=/media/iruma/Data/AIR/ros学习记录_git/ROS-notes/ros源代码/TPC/install/GUTS/lib/python3.10/site-packages:${PYTHONPATH} /usr/bin/python3 setup.py egg_info --egg-base ../../build/GUTS build --build-base /media/iruma/Data/AIR/ros学习记录_git/ROS-notes/ros源代码/TPC/build/GUTS/build install --prefix /media/iruma/Data/AIR/ros学习记录_git/ROS-notes/ros源代码/TPC/install/GUTS --record /media/iruma/Data/AIR/ros学习记录_git/ROS-notes/ros源代码/TPC/build/GUTS/install.log --single-version-externally-managed
[0.501s] running egg_info
[0.501s] creating ../../build/GUTS/GUTS.egg-info
[0.501s] writing ../../build/GUTS/GUTS.egg-info/PKG-INFO
[0.502s] writing dependency_links to ../../build/GUTS/GUTS.egg-info/dependency_links.txt
[0.502s] writing entry points to ../../build/GUTS/GUTS.egg-info/entry_points.txt
[0.503s] writing requirements to ../../build/GUTS/GUTS.egg-info/requires.txt
[0.503s] writing top-level names to ../../build/GUTS/GUTS.egg-info/top_level.txt
[0.503s] writing manifest file '../../build/GUTS/GUTS.egg-info/SOURCES.txt'
[0.505s] reading manifest file '../../build/GUTS/GUTS.egg-info/SOURCES.txt'
[0.507s] writing manifest file '../../build/GUTS/GUTS.egg-info/SOURCES.txt'
[0.507s] running build
[0.507s] running build_py
[0.507s] creating /media/iruma/Data/AIR/ros学习记录_git/ROS-notes/ros源代码/TPC/build/GUTS/build
[0.507s] creating /media/iruma/Data/AIR/ros学习记录_git/ROS-notes/ros源代码/TPC/build/GUTS/build/lib
[0.507s] creating /media/iruma/Data/AIR/ros学习记录_git/ROS-notes/ros源代码/TPC/build/GUTS/build/lib/GUTS
[0.508s] copying GUTS/GUTS.py -> /media/iruma/Data/AIR/ros学习记录_git/ROS-notes/ros源代码/TPC/build/GUTS/build/lib/GUTS
[0.508s] copying GUTS/__init__.py -> /media/iruma/Data/AIR/ros学习记录_git/ROS-notes/ros源代码/TPC/build/GUTS/build/lib/GUTS
[0.509s] running install
[0.519s] /usr/lib/python3/dist-packages/setuptools/command/install.py:34: SetuptoolsDeprecationWarning: setup.py install is deprecated. Use build and pip and other standards-based tools.
[0.519s]   warnings.warn(
[0.519s] running install_lib
[0.521s] creating /media/iruma/Data/AIR/ros学习记录_git/ROS-notes/ros源代码/TPC/install/GUTS/lib/python3.10/site-packages/GUTS
[0.521s] copying /media/iruma/Data/AIR/ros学习记录_git/ROS-notes/ros源代码/TPC/build/GUTS/build/lib/GUTS/GUTS.py -> /media/iruma/Data/AIR/ros学习记录_git/ROS-notes/ros源代码/TPC/install/GUTS/lib/python3.10/site-packages/GUTS
[0.523s] copying /media/iruma/Data/AIR/ros学习记录_git/ROS-notes/ros源代码/TPC/build/GUTS/build/lib/GUTS/__init__.py -> /media/iruma/Data/AIR/ros学习记录_git/ROS-notes/ros源代码/TPC/install/GUTS/lib/python3.10/site-packages/GUTS
[0.524s] byte-compiling /media/iruma/Data/AIR/ros学习记录_git/ROS-notes/ros源代码/TPC/install/GUTS/lib/python3.10/site-packages/GUTS/GUTS.py to GUTS.cpython-310.pyc
[0.525s] byte-compiling /media/iruma/Data/AIR/ros学习记录_git/ROS-notes/ros源代码/TPC/install/GUTS/lib/python3.10/site-packages/GUTS/__init__.py to __init__.cpython-310.pyc
[0.526s] running install_data
[0.527s] creating /media/iruma/Data/AIR/ros学习记录_git/ROS-notes/ros源代码/TPC/install/GUTS/share/ament_index
[0.527s] creating /media/iruma/Data/AIR/ros学习记录_git/ROS-notes/ros源代码/TPC/install/GUTS/share/ament_index/resource_index
[0.527s] creating /media/iruma/Data/AIR/ros学习记录_git/ROS-notes/ros源代码/TPC/install/GUTS/share/ament_index/resource_index/packages
[0.528s] copying resource/GUTS -> /media/iruma/Data/AIR/ros学习记录_git/ROS-notes/ros源代码/TPC/install/GUTS/share/ament_index/resource_index/packages
[0.528s] copying package.xml -> /media/iruma/Data/AIR/ros学习记录_git/ROS-notes/ros源代码/TPC/install/GUTS/share/GUTS
[0.529s] running install_egg_info
[0.530s] Copying ../../build/GUTS/GUTS.egg-info to /media/iruma/Data/AIR/ros学习记录_git/ROS-notes/ros源代码/TPC/install/GUTS/lib/python3.10/site-packages/GUTS-0.0.0-py3.10.egg-info
[0.537s] running install_scripts
[0.552s] Installing GUTS script to /media/iruma/Data/AIR/ros学习记录_git/ROS-notes/ros源代码/TPC/install/GUTS/lib/GUTS
[0.552s] writing list of installed files to '/media/iruma/Data/AIR/ros学习记录_git/ROS-notes/ros源代码/TPC/build/GUTS/install.log'
[0.568s] Invoked command in '/media/iruma/Data/AIR/ros学习记录_git/ROS-notes/ros源代码/TPC/src/GUTS' returned '0': PYTHONPATH=/media/iruma/Data/AIR/ros学习记录_git/ROS-notes/ros源代码/TPC/install/GUTS/lib/python3.10/site-packages:${PYTHONPATH} /usr/bin/python3 setup.py egg_info --egg-base ../../build/GUTS build --build-base /media/iruma/Data/AIR/ros学习记录_git/ROS-notes/ros源代码/TPC/build/GUTS/build install --prefix /media/iruma/Data/AIR/ros学习记录_git/ROS-notes/ros源代码/TPC/install/GUTS --record /media/iruma/Data/AIR/ros学习记录_git/ROS-notes/ros源代码/TPC/build/GUTS/install.log --single-version-externally-managed
