-- Found ament_cmake: 1.3.2 (/opt/ros/humble/share/ament_cmake/cmake)
-- Found rclcpp: 16.0.1 (/opt/ros/humble/share/rclcpp/cmake)
-- Found rosidl_generator_c: 3.1.3 (/opt/ros/humble/share/rosidl_generator_c/cmake)
-- Found rosidl_adapter: 3.1.3 (/opt/ros/humble/share/rosidl_adapter/cmake)
-- Found rosidl_generator_cpp: 3.1.3 (/opt/ros/humble/share/rosidl_generator_cpp/cmake)
-- Using all available rosidl_typesupport_c: rosidl_typesupport_fastrtps_c;rosidl_typesupport_introspection_c
-- Using all available rosidl_typesupport_cpp: rosidl_typesupport_fastrtps_cpp;rosidl_typesupport_introspection_cpp
-- Found rmw_implementation_cmake: 6.1.0 (/opt/ros/humble/share/rmw_implementation_cmake/cmake)
-- Found rmw_fastrtps_cpp: 6.2.1 (/opt/ros/humble/share/rmw_fastrtps_cpp/cmake)
-- Using RMW implementation 'rmw_fastrtps_cpp' as default
-- Found ament_lint_auto: 0.12.4 (/opt/ros/humble/share/ament_lint_auto/cmake)
WARNING: Package name "DAIGO" does not follow the naming conventions. It should start with a lower case letter and only contain lower case letters, digits, underscores, and dashes.
-- Added test 'cppcheck' to perform static code analysis on C / C++ code
-- Configured cppcheck include dirs: 
-- Configured cppcheck exclude dirs and/or files: 
-- Added test 'lint_cmake' to check CMake code style
-- Added test 'uncrustify' to check C / C++ code style
-- Configured uncrustify additional arguments: 
-- Added test 'xmllint' to check XML markup files
-- Configuring done
-- Generating done
-- Build files have been written to: /media/iruma/Data/AIR/ros学习记录_git/ROS-notes/ros源代码/helloROS_ws/src/build/DAIGO
[ 50%] [32mBuilding CXX object CMakeFiles/DAIGO_node.dir/src/DAIGO.cpp.o[0m
In file included from [01m[K/opt/ros/humble/include/rclcpp/rclcpp/logging.hpp:24[m[K,
                 from [01m[K/opt/ros/humble/include/rclcpp/rclcpp/client.hpp:40[m[K,
                 from [01m[K/opt/ros/humble/include/rclcpp/rclcpp/callback_group.hpp:23[m[K,
                 from [01m[K/opt/ros/humble/include/rclcpp/rclcpp/any_executable.hpp:20[m[K,
                 from [01m[K/opt/ros/humble/include/rclcpp/rclcpp/memory_strategy.hpp:25[m[K,
                 from [01m[K/opt/ros/humble/include/rclcpp/rclcpp/memory_strategies.hpp:18[m[K,
                 from [01m[K/opt/ros/humble/include/rclcpp/rclcpp/executor_options.hpp:20[m[K,
                 from [01m[K/opt/ros/humble/include/rclcpp/rclcpp/executor.hpp:37[m[K,
                 from [01m[K/opt/ros/humble/include/rclcpp/rclcpp/executors/multi_threaded_executor.hpp:25[m[K,
                 from [01m[K/opt/ros/humble/include/rclcpp/rclcpp/executors.hpp:21[m[K,
                 from [01m[K/opt/ros/humble/include/rclcpp/rclcpp/rclcpp.hpp:155[m[K,
                 from [01m[K/media/iruma/Data/AIR/ros学习记录_git/ROS-notes/ros源代码/helloROS_ws/src/DAIGO/src/DAIGO.cpp:1[m[K:
[01m[K/media/iruma/Data/AIR/ros学习记录_git/ROS-notes/ros源代码/helloROS_ws/src/DAIGO/src/DAIGO.cpp:[m[K In constructor ‘[01m[KUltramanNode::UltramanNode(std::string)[m[K’:
[01m[K/media/iruma/Data/AIR/ros学习记录_git/ROS-notes/ros源代码/helloROS_ws/src/DAIGO/src/DAIGO.cpp:10:36:[m[K [01;35m[Kwarning: [m[Kformat ‘[01m[K%s[m[K’ expects argument of type ‘[01m[Kchar*[m[K’, but argument 5 has type ‘[01m[Kstd::string[m[K’ {aka ‘[01m[Kstd::__cxx11::basic_string<char>[m[K’} [[01;35m[K]8;;https://gcc.gnu.org/onlinedocs/gcc/Warning-Options.html#index-Wformat=-Wformat=]8;;[m[K]
   10 |     RCLCPP_INFO(this->get_logger(),[01;35m[K"I am ultraman %s"[m[K,name);
      |                                    [01;35m[K^~~~~~~~~~~~~~~~~~[m[K
[01m[K/media/iruma/Data/AIR/ros学习记录_git/ROS-notes/ros源代码/helloROS_ws/src/DAIGO/src/DAIGO.cpp:10:52:[m[K [01;36m[Knote: [m[Kformat string is defined here
   10 |     RCLCPP_INFO(this->get_logger(),"I am ultraman [01;36m[K%s[m[K",name);
      |                                                   [01;36m[K~^[m[K
      |                                                    [01;36m[K|[m[K
      |                                                    [01;36m[Kchar*[m[K
[100%] [32m[1mLinking CXX executable DAIGO_node[0m
[100%] Built target DAIGO_node
-- Install configuration: ""
-- Up-to-date: /media/iruma/Data/AIR/ros学习记录_git/ROS-notes/ros源代码/helloROS_ws/src/install/DAIGO/share/ament_index/resource_index/package_run_dependencies/DAIGO
-- Installing: /media/iruma/Data/AIR/ros学习记录_git/ROS-notes/ros源代码/helloROS_ws/src/install/DAIGO/share/ament_index/resource_index/parent_prefix_path/DAIGO
-- Up-to-date: /media/iruma/Data/AIR/ros学习记录_git/ROS-notes/ros源代码/helloROS_ws/src/install/DAIGO/share/DAIGO/environment/ament_prefix_path.sh
-- Installing: /media/iruma/Data/AIR/ros学习记录_git/ROS-notes/ros源代码/helloROS_ws/src/install/DAIGO/share/DAIGO/environment/ament_prefix_path.dsv
-- Up-to-date: /media/iruma/Data/AIR/ros学习记录_git/ROS-notes/ros源代码/helloROS_ws/src/install/DAIGO/share/DAIGO/environment/path.sh
-- Installing: /media/iruma/Data/AIR/ros学习记录_git/ROS-notes/ros源代码/helloROS_ws/src/install/DAIGO/share/DAIGO/environment/path.dsv
-- Up-to-date: /media/iruma/Data/AIR/ros学习记录_git/ROS-notes/ros源代码/helloROS_ws/src/install/DAIGO/share/DAIGO/local_setup.bash
-- Up-to-date: /media/iruma/Data/AIR/ros学习记录_git/ROS-notes/ros源代码/helloROS_ws/src/install/DAIGO/share/DAIGO/local_setup.sh
-- Up-to-date: /media/iruma/Data/AIR/ros学习记录_git/ROS-notes/ros源代码/helloROS_ws/src/install/DAIGO/share/DAIGO/local_setup.zsh
-- Installing: /media/iruma/Data/AIR/ros学习记录_git/ROS-notes/ros源代码/helloROS_ws/src/install/DAIGO/share/DAIGO/local_setup.dsv
-- Installing: /media/iruma/Data/AIR/ros学习记录_git/ROS-notes/ros源代码/helloROS_ws/src/install/DAIGO/share/DAIGO/package.dsv
-- Up-to-date: /media/iruma/Data/AIR/ros学习记录_git/ROS-notes/ros源代码/helloROS_ws/src/install/DAIGO/share/ament_index/resource_index/packages/DAIGO
-- Up-to-date: /media/iruma/Data/AIR/ros学习记录_git/ROS-notes/ros源代码/helloROS_ws/src/install/DAIGO/share/DAIGO/cmake/DAIGOConfig.cmake
-- Up-to-date: /media/iruma/Data/AIR/ros学习记录_git/ROS-notes/ros源代码/helloROS_ws/src/install/DAIGO/share/DAIGO/cmake/DAIGOConfig-version.cmake
-- Up-to-date: /media/iruma/Data/AIR/ros学习记录_git/ROS-notes/ros源代码/helloROS_ws/src/install/DAIGO/share/DAIGO/package.xml
-- Installing: /media/iruma/Data/AIR/ros学习记录_git/ROS-notes/ros源代码/helloROS_ws/src/install/DAIGO/lib/DAIGO/DAIGO_node
-- Set runtime path of "/media/iruma/Data/AIR/ros学习记录_git/ROS-notes/ros源代码/helloROS_ws/src/install/DAIGO/lib/DAIGO/DAIGO_node" to ""
