[0.166s] DEBUG:colcon:Command line arguments: ['/usr/bin/colcon', 'build', '--packages-select', 'DAIGO']
[0.166s] DEBUG:colcon:Parsed command line arguments: Namespace(log_base=None, log_level=None, verb_name='build', build_base='build', install_base='install', merge_install=False, symlink_install=False, test_result_base=None, continue_on_error=False, executor='parallel', parallel_workers=16, event_handlers=None, ignore_user_meta=False, metas=['./colcon.meta'], base_paths=['.'], packages_ignore=None, packages_ignore_regex=None, paths=None, packages_up_to=None, packages_up_to_regex=None, packages_above=None, packages_above_and_dependencies=None, packages_above_depth=None, packages_select_by_dep=None, packages_skip_by_dep=None, packages_skip_up_to=None, packages_select_build_failed=False, packages_skip_build_finished=False, packages_select_test_failures=False, packages_skip_test_passed=False, packages_select=['DAIGO'], packages_skip=None, packages_select_regex=None, packages_skip_regex=None, packages_start=None, packages_end=None, allow_overriding=[], cmake_args=None, cmake_target=None, cmake_target_skip_unavailable=False, cmake_clean_cache=False, cmake_clean_first=False, cmake_force_configure=False, ament_cmake_args=None, catkin_cmake_args=None, catkin_skip_building_tests=False, verb_parser=<colcon_defaults.argument_parser.defaults.DefaultArgumentsDecorator object at 0x7f129c274670>, verb_extension=<colcon_core.verb.build.BuildVerb object at 0x7f129cbb1d80>, main=<bound method BuildVerb.main of <colcon_core.verb.build.BuildVerb object at 0x7f129cbb1d80>>)
[0.181s] Level 1:colcon.colcon_core.package_discovery:discover_packages(colcon_meta) check parameters
[0.181s] Level 1:colcon.colcon_core.package_discovery:discover_packages(recursive) check parameters
[0.181s] Level 1:colcon.colcon_core.package_discovery:discover_packages(ignore) check parameters
[0.181s] Level 1:colcon.colcon_core.package_discovery:discover_packages(path) check parameters
[0.181s] Level 1:colcon.colcon_core.package_discovery:discover_packages(colcon_meta) discover
[0.181s] Level 1:colcon.colcon_core.package_discovery:discover_packages(recursive) discover
[0.181s] INFO:colcon.colcon_core.package_discovery:Crawling recursively for packages in '/media/iruma/Data/AIR/ros学习记录_git/ROS-notes/ros源代码/helloROS_ws/src'
[0.182s] Level 1:colcon.colcon_core.package_identification:_identify(.) by extensions ['ignore', 'ignore_ament_install']
[0.182s] Level 1:colcon.colcon_core.package_identification:_identify(.) by extension 'ignore'
[0.182s] Level 1:colcon.colcon_core.package_identification:_identify(.) by extension 'ignore_ament_install'
[0.182s] Level 1:colcon.colcon_core.package_identification:_identify(.) by extensions ['colcon_pkg']
[0.182s] Level 1:colcon.colcon_core.package_identification:_identify(.) by extension 'colcon_pkg'
[0.182s] Level 1:colcon.colcon_core.package_identification:_identify(.) by extensions ['colcon_meta']
[0.182s] Level 1:colcon.colcon_core.package_identification:_identify(.) by extension 'colcon_meta'
[0.182s] Level 1:colcon.colcon_core.package_identification:_identify(.) by extensions ['ros']
[0.182s] Level 1:colcon.colcon_core.package_identification:_identify(.) by extension 'ros'
[0.195s] Level 1:colcon.colcon_core.package_identification:_identify(.) by extensions ['cmake', 'python']
[0.195s] Level 1:colcon.colcon_core.package_identification:_identify(.) by extension 'cmake'
[0.195s] Level 1:colcon.colcon_core.package_identification:_identify(.) by extension 'python'
[0.195s] Level 1:colcon.colcon_core.package_identification:_identify(.) by extensions ['python_setup_py']
[0.195s] Level 1:colcon.colcon_core.package_identification:_identify(.) by extension 'python_setup_py'
[0.196s] Level 1:colcon.colcon_core.package_identification:_identify(DAIGO) by extensions ['ignore', 'ignore_ament_install']
[0.196s] Level 1:colcon.colcon_core.package_identification:_identify(DAIGO) by extension 'ignore'
[0.196s] Level 1:colcon.colcon_core.package_identification:_identify(DAIGO) by extension 'ignore_ament_install'
[0.196s] Level 1:colcon.colcon_core.package_identification:_identify(DAIGO) by extensions ['colcon_pkg']
[0.196s] Level 1:colcon.colcon_core.package_identification:_identify(DAIGO) by extension 'colcon_pkg'
[0.196s] Level 1:colcon.colcon_core.package_identification:_identify(DAIGO) by extensions ['colcon_meta']
[0.196s] Level 1:colcon.colcon_core.package_identification:_identify(DAIGO) by extension 'colcon_meta'
[0.196s] Level 1:colcon.colcon_core.package_identification:_identify(DAIGO) by extensions ['ros']
[0.196s] Level 1:colcon.colcon_core.package_identification:_identify(DAIGO) by extension 'ros'
[0.198s] DEBUG:colcon.colcon_core.package_identification:Package 'DAIGO' with type 'ros.ament_cmake' and name 'DAIGO'
[0.198s] Level 1:colcon.colcon_core.package_identification:_identify(build) by extensions ['ignore', 'ignore_ament_install']
[0.198s] Level 1:colcon.colcon_core.package_identification:_identify(build) by extension 'ignore'
[0.198s] Level 1:colcon.colcon_core.package_identification:_identify(build) ignored
[0.198s] Level 1:colcon.colcon_core.package_identification:_identify(helloros) by extensions ['ignore', 'ignore_ament_install']
[0.198s] Level 1:colcon.colcon_core.package_identification:_identify(helloros) by extension 'ignore'
[0.198s] Level 1:colcon.colcon_core.package_identification:_identify(helloros) by extension 'ignore_ament_install'
[0.198s] Level 1:colcon.colcon_core.package_identification:_identify(helloros) by extensions ['colcon_pkg']
[0.198s] Level 1:colcon.colcon_core.package_identification:_identify(helloros) by extension 'colcon_pkg'
[0.199s] Level 1:colcon.colcon_core.package_identification:_identify(helloros) by extensions ['colcon_meta']
[0.199s] Level 1:colcon.colcon_core.package_identification:_identify(helloros) by extension 'colcon_meta'
[0.199s] Level 1:colcon.colcon_core.package_identification:_identify(helloros) by extensions ['ros']
[0.199s] Level 1:colcon.colcon_core.package_identification:_identify(helloros) by extension 'ros'
[0.199s] DEBUG:colcon.colcon_core.package_identification:Package 'helloros' with type 'ros.ament_python' and name 'helloros'
[0.199s] Level 1:colcon.colcon_core.package_identification:_identify(install) by extensions ['ignore', 'ignore_ament_install']
[0.199s] Level 1:colcon.colcon_core.package_identification:_identify(install) by extension 'ignore'
[0.199s] Level 1:colcon.colcon_core.package_identification:_identify(install) ignored
[0.200s] Level 1:colcon.colcon_core.package_identification:_identify(log) by extensions ['ignore', 'ignore_ament_install']
[0.200s] Level 1:colcon.colcon_core.package_identification:_identify(log) by extension 'ignore'
[0.200s] Level 1:colcon.colcon_core.package_identification:_identify(log) ignored
[0.200s] Level 1:colcon.colcon_core.package_discovery:discover_packages(recursive) using defaults
[0.200s] Level 1:colcon.colcon_core.package_discovery:discover_packages(ignore) discover
[0.200s] Level 1:colcon.colcon_core.package_discovery:discover_packages(ignore) using defaults
[0.200s] Level 1:colcon.colcon_core.package_discovery:discover_packages(path) discover
[0.200s] Level 1:colcon.colcon_core.package_discovery:discover_packages(path) using defaults
[0.216s] INFO:colcon.colcon_core.package_selection:Skipping not selected package 'helloros' in 'helloros'
[0.216s] Level 1:colcon.colcon_core.package_discovery:discover_packages(prefix_path) check parameters
[0.216s] Level 1:colcon.colcon_core.package_discovery:discover_packages(prefix_path) discover
[0.220s] DEBUG:colcon.colcon_installed_package_information.package_discovery:Found 1 installed packages in /media/iruma/Data/AIR/ros学习记录_git/ROS-notes/ros源代码/helloROS_ws/src/install
[0.221s] DEBUG:colcon.colcon_installed_package_information.package_discovery:Found 270 installed packages in /opt/ros/humble
[0.222s] Level 1:colcon.colcon_core.package_discovery:discover_packages(prefix_path) using defaults
[0.255s] Level 5:colcon.colcon_core.verb:set package 'DAIGO' build argument 'cmake_args' from command line to 'None'
[0.256s] Level 5:colcon.colcon_core.verb:set package 'DAIGO' build argument 'cmake_target' from command line to 'None'
[0.256s] Level 5:colcon.colcon_core.verb:set package 'DAIGO' build argument 'cmake_target_skip_unavailable' from command line to 'False'
[0.256s] Level 5:colcon.colcon_core.verb:set package 'DAIGO' build argument 'cmake_clean_cache' from command line to 'False'
[0.256s] Level 5:colcon.colcon_core.verb:set package 'DAIGO' build argument 'cmake_clean_first' from command line to 'False'
[0.256s] Level 5:colcon.colcon_core.verb:set package 'DAIGO' build argument 'cmake_force_configure' from command line to 'False'
[0.256s] Level 5:colcon.colcon_core.verb:set package 'DAIGO' build argument 'ament_cmake_args' from command line to 'None'
[0.256s] Level 5:colcon.colcon_core.verb:set package 'DAIGO' build argument 'catkin_cmake_args' from command line to 'None'
[0.256s] Level 5:colcon.colcon_core.verb:set package 'DAIGO' build argument 'catkin_skip_building_tests' from command line to 'False'
[0.256s] DEBUG:colcon.colcon_core.verb:Building package 'DAIGO' with the following arguments: {'ament_cmake_args': None, 'build_base': '/media/iruma/Data/AIR/ros学习记录_git/ROS-notes/ros源代码/helloROS_ws/src/build/DAIGO', 'catkin_cmake_args': None, 'catkin_skip_building_tests': False, 'cmake_args': None, 'cmake_clean_cache': False, 'cmake_clean_first': False, 'cmake_force_configure': False, 'cmake_target': None, 'cmake_target_skip_unavailable': False, 'install_base': '/media/iruma/Data/AIR/ros学习记录_git/ROS-notes/ros源代码/helloROS_ws/src/install/DAIGO', 'merge_install': False, 'path': '/media/iruma/Data/AIR/ros学习记录_git/ROS-notes/ros源代码/helloROS_ws/src/DAIGO', 'symlink_install': False, 'test_result_base': None}
[0.257s] INFO:colcon.colcon_core.executor:Executing jobs using 'parallel' executor
[0.259s] DEBUG:colcon.colcon_parallel_executor.executor.parallel:run_until_complete
[0.259s] INFO:colcon.colcon_ros.task.ament_cmake.build:Building ROS package in '/media/iruma/Data/AIR/ros学习记录_git/ROS-notes/ros源代码/helloROS_ws/src/DAIGO' with build type 'ament_cmake'
[0.259s] INFO:colcon.colcon_cmake.task.cmake.build:Building CMake package in '/media/iruma/Data/AIR/ros学习记录_git/ROS-notes/ros源代码/helloROS_ws/src/DAIGO'
[0.262s] INFO:colcon.colcon_core.plugin_system:Skipping extension 'colcon_core.shell.bat': Not used on non-Windows systems
[0.263s] INFO:colcon.colcon_core.shell:Skip shell extension 'powershell' for command environment: Not usable outside of PowerShell
[0.263s] DEBUG:colcon.colcon_core.shell:Skip shell extension 'dsv' for command environment
[0.275s] DEBUG:colcon.colcon_core.event_handler.log_command:Invoking command in '/media/iruma/Data/AIR/ros学习记录_git/ROS-notes/ros源代码/helloROS_ws/src/build/DAIGO': CMAKE_PREFIX_PATH=${CMAKE_PREFIX_PATH}:/opt/ros/humble /usr/bin/cmake --build /media/iruma/Data/AIR/ros学习记录_git/ROS-notes/ros源代码/helloROS_ws/src/build/DAIGO -- -j16 -l16
[0.746s] DEBUG:colcon.colcon_core.event_handler.log_command:Invoked command in '/media/iruma/Data/AIR/ros学习记录_git/ROS-notes/ros源代码/helloROS_ws/src/build/DAIGO' returned '2': CMAKE_PREFIX_PATH=${CMAKE_PREFIX_PATH}:/opt/ros/humble /usr/bin/cmake --build /media/iruma/Data/AIR/ros学习记录_git/ROS-notes/ros源代码/helloROS_ws/src/build/DAIGO -- -j16 -l16
[0.780s] Level 1:colcon.colcon_core.environment:create_environment_scripts_only(DAIGO)
[0.788s] Level 1:colcon.colcon_core.environment:checking '/media/iruma/Data/AIR/ros学习记录_git/ROS-notes/ros源代码/helloROS_ws/src/install/DAIGO' for CMake module files
[0.796s] Level 1:colcon.colcon_core.environment:checking '/media/iruma/Data/AIR/ros学习记录_git/ROS-notes/ros源代码/helloROS_ws/src/install/DAIGO' for CMake config files
[0.803s] Level 1:colcon.colcon_core.shell:create_environment_hook('DAIGO', 'cmake_prefix_path')
[0.805s] INFO:colcon.colcon_core.shell:Creating environment hook '/media/iruma/Data/AIR/ros学习记录_git/ROS-notes/ros源代码/helloROS_ws/src/install/DAIGO/share/DAIGO/hook/cmake_prefix_path.ps1'
[0.807s] INFO:colcon.colcon_core.shell:Creating environment descriptor '/media/iruma/Data/AIR/ros学习记录_git/ROS-notes/ros源代码/helloROS_ws/src/install/DAIGO/share/DAIGO/hook/cmake_prefix_path.dsv'
[0.809s] INFO:colcon.colcon_core.shell:Creating environment hook '/media/iruma/Data/AIR/ros学习记录_git/ROS-notes/ros源代码/helloROS_ws/src/install/DAIGO/share/DAIGO/hook/cmake_prefix_path.sh'
[0.811s] Level 1:colcon.colcon_core.environment:checking '/media/iruma/Data/AIR/ros学习记录_git/ROS-notes/ros源代码/helloROS_ws/src/install/DAIGO/bin'
[0.812s] Level 1:colcon.colcon_core.environment:checking '/media/iruma/Data/AIR/ros学习记录_git/ROS-notes/ros源代码/helloROS_ws/src/install/DAIGO/lib/pkgconfig/DAIGO.pc'
[0.812s] Level 1:colcon.colcon_core.environment:checking '/media/iruma/Data/AIR/ros学习记录_git/ROS-notes/ros源代码/helloROS_ws/src/install/DAIGO/lib/python3.10/site-packages'
[0.813s] Level 1:colcon.colcon_core.environment:checking '/media/iruma/Data/AIR/ros学习记录_git/ROS-notes/ros源代码/helloROS_ws/src/install/DAIGO/bin'
[0.814s] INFO:colcon.colcon_core.shell:Creating package script '/media/iruma/Data/AIR/ros学习记录_git/ROS-notes/ros源代码/helloROS_ws/src/install/DAIGO/share/DAIGO/package.ps1'
[0.816s] INFO:colcon.colcon_core.shell:Creating package descriptor '/media/iruma/Data/AIR/ros学习记录_git/ROS-notes/ros源代码/helloROS_ws/src/install/DAIGO/share/DAIGO/package.dsv'
[0.817s] INFO:colcon.colcon_core.shell:Creating package script '/media/iruma/Data/AIR/ros学习记录_git/ROS-notes/ros源代码/helloROS_ws/src/install/DAIGO/share/DAIGO/package.sh'
[0.818s] INFO:colcon.colcon_core.shell:Creating package script '/media/iruma/Data/AIR/ros学习记录_git/ROS-notes/ros源代码/helloROS_ws/src/install/DAIGO/share/DAIGO/package.bash'
[0.820s] INFO:colcon.colcon_core.shell:Creating package script '/media/iruma/Data/AIR/ros学习记录_git/ROS-notes/ros源代码/helloROS_ws/src/install/DAIGO/share/DAIGO/package.zsh'
[0.821s] Level 1:colcon.colcon_core.environment:create_file_with_runtime_dependencies(/media/iruma/Data/AIR/ros学习记录_git/ROS-notes/ros源代码/helloROS_ws/src/install/DAIGO/share/colcon-core/packages/DAIGO)
[0.831s] DEBUG:colcon.colcon_parallel_executor.executor.parallel:closing loop
[0.832s] DEBUG:colcon.colcon_parallel_executor.executor.parallel:loop closed
[0.832s] DEBUG:colcon.colcon_parallel_executor.executor.parallel:run_until_complete finished with '2'
[0.832s] DEBUG:colcon.colcon_core.event_reactor:joining thread
[0.844s] INFO:colcon.colcon_core.plugin_system:Skipping extension 'colcon_notification.desktop_notification.terminal_notifier': Not used on non-Darwin systems
[0.844s] INFO:colcon.colcon_core.plugin_system:Skipping extension 'colcon_notification.desktop_notification.win32': Not used on non-Windows systems
[0.844s] INFO:colcon.colcon_notification.desktop_notification:Sending desktop notification using 'notify2'
[0.856s] DEBUG:colcon.colcon_core.event_reactor:joined thread
[0.858s] INFO:colcon.colcon_core.shell:Creating prefix script '/media/iruma/Data/AIR/ros学习记录_git/ROS-notes/ros源代码/helloROS_ws/src/install/local_setup.ps1'
[0.859s] INFO:colcon.colcon_core.shell:Creating prefix util module '/media/iruma/Data/AIR/ros学习记录_git/ROS-notes/ros源代码/helloROS_ws/src/install/_local_setup_util_ps1.py'
[0.861s] INFO:colcon.colcon_core.shell:Creating prefix chain script '/media/iruma/Data/AIR/ros学习记录_git/ROS-notes/ros源代码/helloROS_ws/src/install/setup.ps1'
[0.863s] INFO:colcon.colcon_core.shell:Creating prefix script '/media/iruma/Data/AIR/ros学习记录_git/ROS-notes/ros源代码/helloROS_ws/src/install/local_setup.sh'
[0.864s] INFO:colcon.colcon_core.shell:Creating prefix util module '/media/iruma/Data/AIR/ros学习记录_git/ROS-notes/ros源代码/helloROS_ws/src/install/_local_setup_util_sh.py'
[0.865s] INFO:colcon.colcon_core.shell:Creating prefix chain script '/media/iruma/Data/AIR/ros学习记录_git/ROS-notes/ros源代码/helloROS_ws/src/install/setup.sh'
[0.867s] INFO:colcon.colcon_core.shell:Creating prefix script '/media/iruma/Data/AIR/ros学习记录_git/ROS-notes/ros源代码/helloROS_ws/src/install/local_setup.bash'
[0.868s] INFO:colcon.colcon_core.shell:Creating prefix chain script '/media/iruma/Data/AIR/ros学习记录_git/ROS-notes/ros源代码/helloROS_ws/src/install/setup.bash'
[0.869s] INFO:colcon.colcon_core.shell:Creating prefix script '/media/iruma/Data/AIR/ros学习记录_git/ROS-notes/ros源代码/helloROS_ws/src/install/local_setup.zsh'
[0.870s] INFO:colcon.colcon_core.shell:Creating prefix chain script '/media/iruma/Data/AIR/ros学习记录_git/ROS-notes/ros源代码/helloROS_ws/src/install/setup.zsh'
