[0.014s] Invoking command in '/media/iruma/Data/AIR/ros学习记录_git/ROS-notes/ros源代码/helloROS_ws/src/build/DAIGO': CMAKE_PREFIX_PATH=${CMAKE_PREFIX_PATH}:/opt/ros/humble /usr/bin/cmake --build /media/iruma/Data/AIR/ros学习记录_git/ROS-notes/ros源代码/helloROS_ws/src/build/DAIGO -- -j16 -l16
[0.031s] -- Found ament_cmake: 1.3.2 (/opt/ros/humble/share/ament_cmake/cmake)
[0.132s] -- Found rclcpp: 16.0.1 (/opt/ros/humble/share/rclcpp/cmake)
[0.151s] -- Found rosidl_generator_c: 3.1.3 (/opt/ros/humble/share/rosidl_generator_c/cmake)
[0.152s] -- Found rosidl_adapter: 3.1.3 (/opt/ros/humble/share/rosidl_adapter/cmake)
[0.156s] -- Found rosidl_generator_cpp: 3.1.3 (/opt/ros/humble/share/rosidl_generator_cpp/cmake)
[0.163s] -- Using all available rosidl_typesupport_c: rosidl_typesupport_fastrtps_c;rosidl_typesupport_introspection_c
[0.172s] -- Using all available rosidl_typesupport_cpp: rosidl_typesupport_fastrtps_cpp;rosidl_typesupport_introspection_cpp
[0.210s] -- Found rmw_implementation_cmake: 6.1.0 (/opt/ros/humble/share/rmw_implementation_cmake/cmake)
[0.210s] -- Found rmw_fastrtps_cpp: 6.2.1 (/opt/ros/humble/share/rmw_fastrtps_cpp/cmake)
[0.288s] -- Using RMW implementation 'rmw_fastrtps_cpp' as default
[0.383s] -- Found ament_lint_auto: 0.12.4 (/opt/ros/humble/share/ament_lint_auto/cmake)
[0.418s] WARNING: Package name "DAIGO" does not follow the naming conventions. It should start with a lower case letter and only contain lower case letters, digits, underscores, and dashes.
[0.443s] -- Added test 'cppcheck' to perform static code analysis on C / C++ code
[0.443s] -- Configured cppcheck include dirs: 
[0.443s] -- Configured cppcheck exclude dirs and/or files: 
[0.447s] -- Added test 'lint_cmake' to check CMake code style
[0.455s] -- Added test 'uncrustify' to check C / C++ code style
[0.455s] -- Configured uncrustify additional arguments: 
[0.456s] -- Added test 'xmllint' to check XML markup files
[0.460s] -- Configuring done
[0.467s] [31mCMake Error at CMakeLists.txt:26 (add_executable):
[0.468s]   Cannot find source file:
[0.468s] 
[0.468s]     src/Iruma.cpp
[0.468s] 
[0.468s]   Tried extensions .c .C .c++ .cc .cpp .cxx .cu .mpp .m .M .mm .ixx .cppm .h
[0.468s]   .hh .h++ .hm .hpp .hxx .in .txx .f .F .for .f77 .f90 .f95 .f03 .hip .ispc
[0.468s] 
[0.468s] [0m
[0.469s] [31mCMake Error at CMakeLists.txt:26 (add_executable):
[0.469s]   No SOURCES given to target: DAIGO_node
[0.469s] 
[0.469s] [0m
[0.469s] [0mCMake Generate step failed.  Build files cannot be regenerated correctly.[0m
[0.482s] gmake: *** [Makefile:226：cmake_check_build_system] 错误 1
[0.485s] Invoked command in '/media/iruma/Data/AIR/ros学习记录_git/ROS-notes/ros源代码/helloROS_ws/src/build/DAIGO' returned '2': CMAKE_PREFIX_PATH=${CMAKE_PREFIX_PATH}:/opt/ros/humble /usr/bin/cmake --build /media/iruma/Data/AIR/ros学习记录_git/ROS-notes/ros源代码/helloROS_ws/src/build/DAIGO -- -j16 -l16
