running egg_info
creating ../../build/helloros/helloros.egg-info
writing ../../build/helloros/helloros.egg-info/PKG-INFO
writing dependency_links to ../../build/helloros/helloros.egg-info/dependency_links.txt
writing entry points to ../../build/helloros/helloros.egg-info/entry_points.txt
writing requirements to ../../build/helloros/helloros.egg-info/requires.txt
writing top-level names to ../../build/helloros/helloros.egg-info/top_level.txt
writing manifest file '../../build/helloros/helloros.egg-info/SOURCES.txt'
reading manifest file '../../build/helloros/helloros.egg-info/SOURCES.txt'
writing manifest file '../../build/helloros/helloros.egg-info/SOURCES.txt'
running build
running build_py
creating /home/iruma/Desktop/helloROS_ws/build/helloros/build
creating /home/iruma/Desktop/helloROS_ws/build/helloros/build/lib
creating /home/iruma/Desktop/helloROS_ws/build/helloros/build/lib/helloros
copying helloros/hello.py -> /home/iruma/Desktop/helloROS_ws/build/helloros/build/lib/helloros
copying helloros/__init__.py -> /home/iruma/Desktop/helloROS_ws/build/helloros/build/lib/helloros
running install
/usr/lib/python3/dist-packages/setuptools/command/install.py:34: SetuptoolsDeprecationWarning: setup.py install is deprecated. Use build and pip and other standards-based tools.
  warnings.warn(
running install_lib
creating /home/iruma/Desktop/helloROS_ws/install/helloros/lib/python3.10/site-packages/helloros
copying /home/iruma/Desktop/helloROS_ws/build/helloros/build/lib/helloros/hello.py -> /home/iruma/Desktop/helloROS_ws/install/helloros/lib/python3.10/site-packages/helloros
copying /home/iruma/Desktop/helloROS_ws/build/helloros/build/lib/helloros/__init__.py -> /home/iruma/Desktop/helloROS_ws/install/helloros/lib/python3.10/site-packages/helloros
byte-compiling /home/iruma/Desktop/helloROS_ws/install/helloros/lib/python3.10/site-packages/helloros/hello.py to hello.cpython-310.pyc
byte-compiling /home/iruma/Desktop/helloROS_ws/install/helloros/lib/python3.10/site-packages/helloros/__init__.py to __init__.cpython-310.pyc
running install_data
creating /home/iruma/Desktop/helloROS_ws/install/helloros/share/ament_index
creating /home/iruma/Desktop/helloROS_ws/install/helloros/share/ament_index/resource_index
creating /home/iruma/Desktop/helloROS_ws/install/helloros/share/ament_index/resource_index/packages
copying resource/helloros -> /home/iruma/Desktop/helloROS_ws/install/helloros/share/ament_index/resource_index/packages
copying package.xml -> /home/iruma/Desktop/helloROS_ws/install/helloros/share/helloros
running install_egg_info
Copying ../../build/helloros/helloros.egg-info to /home/iruma/Desktop/helloROS_ws/install/helloros/lib/python3.10/site-packages/helloros-0.0.0-py3.10.egg-info
running install_scripts
Installing node script to /home/iruma/Desktop/helloROS_ws/install/helloros/lib/helloros
writing list of installed files to '/home/iruma/Desktop/helloROS_ws/build/helloros/install.log'
